#
# There is insufficient memory for the Java Runtime Environment to continue.
# Native memory allocation (malloc) failed to allocate 216336 bytes. Error detail: Chunk::new
# Possible reasons:
#   The system is out of physical RAM or swap space
#   This process is running with CompressedOops enabled, and the Java Heap may be blocking the growth of the native heap
# Possible solutions:
#   Reduce memory load on the system
#   Increase physical memory or swap space
#   Check if swap backing store is full
#   Decrease Java heap size (-Xmx/-Xms)
#   Decrease number of Java threads
#   Decrease Java thread stack sizes (-Xss)
#   Set larger code cache with -XX:ReservedCodeCacheSize=
#   JVM is running with Zero Based Compressed Oops mode in which the Java heap is
#     placed in the first 32GB address space. The Java Heap base address is the
#     maximum limit for the native heap growth. Please use -XX:HeapBaseMinAddress
#     to set the Java Heap base and to place the Java Heap above 32GB virtual address.
# This output file may be truncated or incomplete.
#
#  Out of Memory Error (arena.cpp:168), pid=17012, tid=7816
#
# JRE version: OpenJDK Runtime Environment (21.0.6) (build 21.0.6+-13368085-b895.109)
# Java VM: OpenJDK 64-Bit Server VM (21.0.6+-13368085-b895.109, mixed mode, tiered, compressed oops, compressed class ptrs, g1 gc, windows-amd64)
# No core dump will be written. Minidumps are not enabled by default on client versions of Windows
#

---------------  S U M M A R Y ------------

Command Line: -Dorg.gradle.appname=gradlew org.gradle.wrapper.GradleWrapperMain -q -Ptarget-platform=android-arm -Ptarget=F:\Rapit\lib\main.dart -Pbase-application-name=android.app.Application -Pdart-defines=Zmx1dHRlci5pbnNwZWN0b3Iuc3RydWN0dXJlZEVycm9ycz10cnVl -Pdart-obfuscation=false -Ptrack-widget-creation=true -Ptree-shake-icons=false -Pfilesystem-scheme=org-dartlang-root assembleDebug

Host: Intel(R) Core(TM) i5-6300U CPU @ 2.40GHz, 4 cores, 15G,  Windows 10 , 64 bit Build 19041 (10.0.19041.5794)
Time: Sat May 24 20:03:59 2025 Pakistan Standard Time elapsed time: 1.610713 seconds (0d 0h 0m 1s)

---------------  T H R E A D  ---------------

Current thread (0x0000026fedaf9fe0):  JavaThread "C2 CompilerThread0" daemon [_thread_in_native, id=7816, stack(0x000000c6cd200000,0x000000c6cd300000) (1024K)]


Current CompileTask:
C2:1610 1102       4       java.util.HashSet::add (20 bytes)

Stack: [0x000000c6cd200000,0x000000c6cd300000]
Native frames: (J=compiled Java code, j=interpreted, Vv=VM code, C=native code)
V  [jvm.dll+0x6d0639]
V  [jvm.dll+0x85eb03]
V  [jvm.dll+0x86105e]
V  [jvm.dll+0x861743]
V  [jvm.dll+0x27e6e6]
V  [jvm.dll+0xbff6d]
V  [jvm.dll+0xc04a3]
V  [jvm.dll+0x2f2780]
V  [jvm.dll+0x5fa409]
V  [jvm.dll+0x250d92]
V  [jvm.dll+0x25114f]
V  [jvm.dll+0x2498f5]
V  [jvm.dll+0x24714e]
V  [jvm.dll+0x1c5f04]
V  [jvm.dll+0x2569ac]
V  [jvm.dll+0x254ef6]
V  [jvm.dll+0x3f0e96]
V  [jvm.dll+0x806ed8]
V  [jvm.dll+0x6cef0d]
C  [ucrtbase.dll+0x21bb2]
C  [KERNEL32.DLL+0x17374]
C  [ntdll.dll+0x4cc91]


---------------  P R O C E S S  ---------------

Threads class SMR info:
_java_thread_list=0x0000026ff2a638e0, length=12, elements={
0x0000026fd4333700, 0x0000026fedaf3320, 0x0000026fedaf4530, 0x0000026fedaf5480,
0x0000026fedaf5ed0, 0x0000026fedaf6920, 0x0000026fedaf7370, 0x0000026fedaf9fe0,
0x0000026fedadd050, 0x0000026fedc9ddb0, 0x0000026fedcc0220, 0x0000026ff2a09af0
}

Java Threads: ( => current thread )
  0x0000026fd4333700 JavaThread "main"                              [_thread_in_vm, id=18048, stack(0x000000c6cc400000,0x000000c6cc500000) (1024K)]
  0x0000026fedaf3320 JavaThread "Reference Handler"          daemon [_thread_blocked, id=10708, stack(0x000000c6ccc00000,0x000000c6ccd00000) (1024K)]
  0x0000026fedaf4530 JavaThread "Finalizer"                  daemon [_thread_blocked, id=2420, stack(0x000000c6ccd00000,0x000000c6cce00000) (1024K)]
  0x0000026fedaf5480 JavaThread "Signal Dispatcher"          daemon [_thread_blocked, id=3380, stack(0x000000c6cce00000,0x000000c6ccf00000) (1024K)]
  0x0000026fedaf5ed0 JavaThread "Attach Listener"            daemon [_thread_blocked, id=12848, stack(0x000000c6ccf00000,0x000000c6cd000000) (1024K)]
  0x0000026fedaf6920 JavaThread "Service Thread"             daemon [_thread_blocked, id=14588, stack(0x000000c6cd000000,0x000000c6cd100000) (1024K)]
  0x0000026fedaf7370 JavaThread "Monitor Deflation Thread"   daemon [_thread_blocked, id=14600, stack(0x000000c6cd100000,0x000000c6cd200000) (1024K)]
=>0x0000026fedaf9fe0 JavaThread "C2 CompilerThread0"         daemon [_thread_in_native, id=7816, stack(0x000000c6cd200000,0x000000c6cd300000) (1024K)]
  0x0000026fedadd050 JavaThread "C1 CompilerThread0"         daemon [_thread_blocked, id=17456, stack(0x000000c6cd300000,0x000000c6cd400000) (1024K)]
  0x0000026fedc9ddb0 JavaThread "Notification Thread"        daemon [_thread_blocked, id=11168, stack(0x000000c6cd400000,0x000000c6cd500000) (1024K)]
  0x0000026fedcc0220 JavaThread "Common-Cleaner"             daemon [_thread_blocked, id=264, stack(0x000000c6cd500000,0x000000c6cd600000) (1024K)]
  0x0000026ff2a09af0 JavaThread "pool-1-thread-1"                   [_thread_blocked, id=12768, stack(0x000000c6cd600000,0x000000c6cd700000) (1024K)]
Total: 12

Other Threads:
  0x0000026feda882d0 VMThread "VM Thread"                           [id=14404, stack(0x000000c6ccb00000,0x000000c6ccc00000) (1024K)]
  0x0000026fed8c19c0 WatcherThread "VM Periodic Task Thread"        [id=3696, stack(0x000000c6cca00000,0x000000c6ccb00000) (1024K)]
  0x0000026fd4392470 WorkerThread "GC Thread#0"                     [id=11860, stack(0x000000c6cc500000,0x000000c6cc600000) (1024K)]
  0x0000026ff21ac980 WorkerThread "GC Thread#1"                     [id=13560, stack(0x000000c6cd700000,0x000000c6cd800000) (1024K)]
  0x0000026ff222c0c0 WorkerThread "GC Thread#2"                     [id=512, stack(0x000000c6cd800000,0x000000c6cd900000) (1024K)]
  0x0000026ff222c460 WorkerThread "GC Thread#3"                     [id=9768, stack(0x000000c6cd900000,0x000000c6cda00000) (1024K)]
  0x0000026fd43a3310 ConcurrentGCThread "G1 Main Marker"            [id=16248, stack(0x000000c6cc600000,0x000000c6cc700000) (1024K)]
  0x0000026fd43a44c0 WorkerThread "G1 Conc#0"                       [id=17656, stack(0x000000c6cc700000,0x000000c6cc800000) (1024K)]
  0x0000026fd43fddc0 ConcurrentGCThread "G1 Refine#0"               [id=11768, stack(0x000000c6cc800000,0x000000c6cc900000) (1024K)]
  0x0000026fd43fe840 ConcurrentGCThread "G1 Service"                [id=11688, stack(0x000000c6cc900000,0x000000c6cca00000) (1024K)]
Total: 10

Threads with active compile tasks:
C2 CompilerThread0  1717 1102       4       java.util.HashSet::add (20 bytes)
Total: 1

VM state: not at safepoint (normal execution)

VM Mutex/Monitor currently owned by a thread:  ([mutex/lock_event])
[0x00007ffcf72cc1a0] Metaspace_lock - owner thread: 0x0000026fd4333700

Heap address: 0x0000000701c00000, size: 4068 MB, Compressed Oops mode: Zero based, Oop shift amount: 3

CDS archive(s) not mapped
Compressed class space mapped at: 0x0000000800000000-0x0000000840000000, reserved size: 1073741824
Narrow klass base: 0x0000000800000000, Narrow klass shift: 0, Narrow klass range: 0x40000000

GC Precious Log:
 CardTable entry size: 512
 Card Set container configuration: InlinePtr #cards 4 size 8 Array Of Cards #cards 16 size 48 Howl #buckets 8 coarsen threshold 3686 Howl Bitmap #cards 512 size 80 coarsen threshold 460 Card regions per heap region 1 cards per card region 4096
 CPUs: 4 total, 4 available
 Memory: 16264M
 Large Page Support: Disabled
 NUMA Support: Disabled
 Compressed Oops: Enabled (Zero based)
 Heap Region Size: 2M
 Heap Min Capacity: 8M
 Heap Initial Capacity: 256M
 Heap Max Capacity: 4068M
 Pre-touch: Disabled
 Parallel Workers: 4
 Concurrent Workers: 1
 Concurrent Refinement Workers: 4
 Periodic GC: Disabled

Heap:
 garbage-first heap   total 262144K, used 12614K [0x0000000701c00000, 0x0000000800000000)
  region size 2048K, 3 young (6144K), 1 survivors (2048K)
 Metaspace       used 13579K, committed 13760K, reserved 1114112K
  class space    used 1498K, committed 1600K, reserved 1048576K

Heap Regions: E=young(eden), S=young(survivor), O=old, HS=humongous(starts), HC=humongous(continues), CS=collection set, F=free, TAMS=top-at-mark-start, PB=parsable bottom
|   0|0x0000000701c00000, 0x0000000701e00000, 0x0000000701e00000|100%|HS|  |TAMS 0x0000000701c00000| PB 0x0000000701c00000| Complete 
|   1|0x0000000701e00000, 0x0000000702000000, 0x0000000702000000|100%|HC|  |TAMS 0x0000000701e00000| PB 0x0000000701e00000| Complete 
|   2|0x0000000702000000, 0x0000000702200000, 0x0000000702200000|100%| O|  |TAMS 0x0000000702000000| PB 0x0000000702000000| Untracked 
|   3|0x0000000702200000, 0x0000000702400000, 0x0000000702400000|100%| O|  |TAMS 0x0000000702200000| PB 0x0000000702200000| Untracked 
|   4|0x0000000702400000, 0x00000007024519c8, 0x0000000702600000| 15%| O|  |TAMS 0x0000000702400000| PB 0x0000000702400000| Untracked 
|   5|0x0000000702600000, 0x0000000702600000, 0x0000000702800000|  0%| F|  |TAMS 0x0000000702600000| PB 0x0000000702600000| Untracked 
|   6|0x0000000702800000, 0x0000000702800000, 0x0000000702a00000|  0%| F|  |TAMS 0x0000000702800000| PB 0x0000000702800000| Untracked 
|   7|0x0000000702a00000, 0x0000000702a00000, 0x0000000702c00000|  0%| F|  |TAMS 0x0000000702a00000| PB 0x0000000702a00000| Untracked 
|   8|0x0000000702c00000, 0x0000000702c00000, 0x0000000702e00000|  0%| F|  |TAMS 0x0000000702c00000| PB 0x0000000702c00000| Untracked 
|   9|0x0000000702e00000, 0x0000000702e00000, 0x0000000703000000|  0%| F|  |TAMS 0x0000000702e00000| PB 0x0000000702e00000| Untracked 
|  10|0x0000000703000000, 0x0000000703000000, 0x0000000703200000|  0%| F|  |TAMS 0x0000000703000000| PB 0x0000000703000000| Untracked 
|  11|0x0000000703200000, 0x0000000703200000, 0x0000000703400000|  0%| F|  |TAMS 0x0000000703200000| PB 0x0000000703200000| Untracked 
|  12|0x0000000703400000, 0x0000000703400000, 0x0000000703600000|  0%| F|  |TAMS 0x0000000703400000| PB 0x0000000703400000| Untracked 
|  13|0x0000000703600000, 0x0000000703600000, 0x0000000703800000|  0%| F|  |TAMS 0x0000000703600000| PB 0x0000000703600000| Untracked 
|  14|0x0000000703800000, 0x0000000703800000, 0x0000000703a00000|  0%| F|  |TAMS 0x0000000703800000| PB 0x0000000703800000| Untracked 
|  15|0x0000000703a00000, 0x0000000703a00000, 0x0000000703c00000|  0%| F|  |TAMS 0x0000000703a00000| PB 0x0000000703a00000| Untracked 
|  16|0x0000000703c00000, 0x0000000703c00000, 0x0000000703e00000|  0%| F|  |TAMS 0x0000000703c00000| PB 0x0000000703c00000| Untracked 
|  17|0x0000000703e00000, 0x0000000703e00000, 0x0000000704000000|  0%| F|  |TAMS 0x0000000703e00000| PB 0x0000000703e00000| Untracked 
|  18|0x0000000704000000, 0x0000000704000000, 0x0000000704200000|  0%| F|  |TAMS 0x0000000704000000| PB 0x0000000704000000| Untracked 
|  19|0x0000000704200000, 0x0000000704200000, 0x0000000704400000|  0%| F|  |TAMS 0x0000000704200000| PB 0x0000000704200000| Untracked 
|  20|0x0000000704400000, 0x0000000704400000, 0x0000000704600000|  0%| F|  |TAMS 0x0000000704400000| PB 0x0000000704400000| Untracked 
|  21|0x0000000704600000, 0x0000000704600000, 0x0000000704800000|  0%| F|  |TAMS 0x0000000704600000| PB 0x0000000704600000| Untracked 
|  22|0x0000000704800000, 0x0000000704800000, 0x0000000704a00000|  0%| F|  |TAMS 0x0000000704800000| PB 0x0000000704800000| Untracked 
|  23|0x0000000704a00000, 0x0000000704a00000, 0x0000000704c00000|  0%| F|  |TAMS 0x0000000704a00000| PB 0x0000000704a00000| Untracked 
|  24|0x0000000704c00000, 0x0000000704c00000, 0x0000000704e00000|  0%| F|  |TAMS 0x0000000704c00000| PB 0x0000000704c00000| Untracked 
|  25|0x0000000704e00000, 0x0000000704e00000, 0x0000000705000000|  0%| F|  |TAMS 0x0000000704e00000| PB 0x0000000704e00000| Untracked 
|  26|0x0000000705000000, 0x0000000705000000, 0x0000000705200000|  0%| F|  |TAMS 0x0000000705000000| PB 0x0000000705000000| Untracked 
|  27|0x0000000705200000, 0x0000000705200000, 0x0000000705400000|  0%| F|  |TAMS 0x0000000705200000| PB 0x0000000705200000| Untracked 
|  28|0x0000000705400000, 0x0000000705400000, 0x0000000705600000|  0%| F|  |TAMS 0x0000000705400000| PB 0x0000000705400000| Untracked 
|  29|0x0000000705600000, 0x0000000705600000, 0x0000000705800000|  0%| F|  |TAMS 0x0000000705600000| PB 0x0000000705600000| Untracked 
|  30|0x0000000705800000, 0x0000000705800000, 0x0000000705a00000|  0%| F|  |TAMS 0x0000000705800000| PB 0x0000000705800000| Untracked 
|  31|0x0000000705a00000, 0x0000000705a00000, 0x0000000705c00000|  0%| F|  |TAMS 0x0000000705a00000| PB 0x0000000705a00000| Untracked 
|  32|0x0000000705c00000, 0x0000000705c00000, 0x0000000705e00000|  0%| F|  |TAMS 0x0000000705c00000| PB 0x0000000705c00000| Untracked 
|  33|0x0000000705e00000, 0x0000000705e00000, 0x0000000706000000|  0%| F|  |TAMS 0x0000000705e00000| PB 0x0000000705e00000| Untracked 
|  34|0x0000000706000000, 0x0000000706000000, 0x0000000706200000|  0%| F|  |TAMS 0x0000000706000000| PB 0x0000000706000000| Untracked 
|  35|0x0000000706200000, 0x0000000706200000, 0x0000000706400000|  0%| F|  |TAMS 0x0000000706200000| PB 0x0000000706200000| Untracked 
|  36|0x0000000706400000, 0x0000000706400000, 0x0000000706600000|  0%| F|  |TAMS 0x0000000706400000| PB 0x0000000706400000| Untracked 
|  37|0x0000000706600000, 0x0000000706600000, 0x0000000706800000|  0%| F|  |TAMS 0x0000000706600000| PB 0x0000000706600000| Untracked 
|  38|0x0000000706800000, 0x0000000706800000, 0x0000000706a00000|  0%| F|  |TAMS 0x0000000706800000| PB 0x0000000706800000| Untracked 
|  39|0x0000000706a00000, 0x0000000706a00000, 0x0000000706c00000|  0%| F|  |TAMS 0x0000000706a00000| PB 0x0000000706a00000| Untracked 
|  40|0x0000000706c00000, 0x0000000706c00000, 0x0000000706e00000|  0%| F|  |TAMS 0x0000000706c00000| PB 0x0000000706c00000| Untracked 
|  41|0x0000000706e00000, 0x0000000706e00000, 0x0000000707000000|  0%| F|  |TAMS 0x0000000706e00000| PB 0x0000000706e00000| Untracked 
|  42|0x0000000707000000, 0x0000000707000000, 0x0000000707200000|  0%| F|  |TAMS 0x0000000707000000| PB 0x0000000707000000| Untracked 
|  43|0x0000000707200000, 0x0000000707200000, 0x0000000707400000|  0%| F|  |TAMS 0x0000000707200000| PB 0x0000000707200000| Untracked 
|  44|0x0000000707400000, 0x0000000707400000, 0x0000000707600000|  0%| F|  |TAMS 0x0000000707400000| PB 0x0000000707400000| Untracked 
|  45|0x0000000707600000, 0x0000000707600000, 0x0000000707800000|  0%| F|  |TAMS 0x0000000707600000| PB 0x0000000707600000| Untracked 
|  46|0x0000000707800000, 0x0000000707800000, 0x0000000707a00000|  0%| F|  |TAMS 0x0000000707800000| PB 0x0000000707800000| Untracked 
|  47|0x0000000707a00000, 0x0000000707a00000, 0x0000000707c00000|  0%| F|  |TAMS 0x0000000707a00000| PB 0x0000000707a00000| Untracked 
|  48|0x0000000707c00000, 0x0000000707c00000, 0x0000000707e00000|  0%| F|  |TAMS 0x0000000707c00000| PB 0x0000000707c00000| Untracked 
|  49|0x0000000707e00000, 0x0000000707e00000, 0x0000000708000000|  0%| F|  |TAMS 0x0000000707e00000| PB 0x0000000707e00000| Untracked 
|  50|0x0000000708000000, 0x0000000708000000, 0x0000000708200000|  0%| F|  |TAMS 0x0000000708000000| PB 0x0000000708000000| Untracked 
|  51|0x0000000708200000, 0x0000000708200000, 0x0000000708400000|  0%| F|  |TAMS 0x0000000708200000| PB 0x0000000708200000| Untracked 
|  52|0x0000000708400000, 0x0000000708400000, 0x0000000708600000|  0%| F|  |TAMS 0x0000000708400000| PB 0x0000000708400000| Untracked 
|  53|0x0000000708600000, 0x0000000708600000, 0x0000000708800000|  0%| F|  |TAMS 0x0000000708600000| PB 0x0000000708600000| Untracked 
|  54|0x0000000708800000, 0x0000000708800000, 0x0000000708a00000|  0%| F|  |TAMS 0x0000000708800000| PB 0x0000000708800000| Untracked 
|  55|0x0000000708a00000, 0x0000000708a00000, 0x0000000708c00000|  0%| F|  |TAMS 0x0000000708a00000| PB 0x0000000708a00000| Untracked 
|  56|0x0000000708c00000, 0x0000000708c00000, 0x0000000708e00000|  0%| F|  |TAMS 0x0000000708c00000| PB 0x0000000708c00000| Untracked 
|  57|0x0000000708e00000, 0x0000000708e00000, 0x0000000709000000|  0%| F|  |TAMS 0x0000000708e00000| PB 0x0000000708e00000| Untracked 
|  58|0x0000000709000000, 0x0000000709000000, 0x0000000709200000|  0%| F|  |TAMS 0x0000000709000000| PB 0x0000000709000000| Untracked 
|  59|0x0000000709200000, 0x0000000709200000, 0x0000000709400000|  0%| F|  |TAMS 0x0000000709200000| PB 0x0000000709200000| Untracked 
|  60|0x0000000709400000, 0x0000000709400000, 0x0000000709600000|  0%| F|  |TAMS 0x0000000709400000| PB 0x0000000709400000| Untracked 
|  61|0x0000000709600000, 0x0000000709600000, 0x0000000709800000|  0%| F|  |TAMS 0x0000000709600000| PB 0x0000000709600000| Untracked 
|  62|0x0000000709800000, 0x0000000709800000, 0x0000000709a00000|  0%| F|  |TAMS 0x0000000709800000| PB 0x0000000709800000| Untracked 
|  63|0x0000000709a00000, 0x0000000709a00000, 0x0000000709c00000|  0%| F|  |TAMS 0x0000000709a00000| PB 0x0000000709a00000| Untracked 
|  64|0x0000000709c00000, 0x0000000709c00000, 0x0000000709e00000|  0%| F|  |TAMS 0x0000000709c00000| PB 0x0000000709c00000| Untracked 
|  65|0x0000000709e00000, 0x0000000709e00000, 0x000000070a000000|  0%| F|  |TAMS 0x0000000709e00000| PB 0x0000000709e00000| Untracked 
|  66|0x000000070a000000, 0x000000070a000000, 0x000000070a200000|  0%| F|  |TAMS 0x000000070a000000| PB 0x000000070a000000| Untracked 
|  67|0x000000070a200000, 0x000000070a200000, 0x000000070a400000|  0%| F|  |TAMS 0x000000070a200000| PB 0x000000070a200000| Untracked 
|  68|0x000000070a400000, 0x000000070a400000, 0x000000070a600000|  0%| F|  |TAMS 0x000000070a400000| PB 0x000000070a400000| Untracked 
|  69|0x000000070a600000, 0x000000070a600000, 0x000000070a800000|  0%| F|  |TAMS 0x000000070a600000| PB 0x000000070a600000| Untracked 
|  70|0x000000070a800000, 0x000000070a800000, 0x000000070aa00000|  0%| F|  |TAMS 0x000000070a800000| PB 0x000000070a800000| Untracked 
|  71|0x000000070aa00000, 0x000000070aa00000, 0x000000070ac00000|  0%| F|  |TAMS 0x000000070aa00000| PB 0x000000070aa00000| Untracked 
|  72|0x000000070ac00000, 0x000000070ac00000, 0x000000070ae00000|  0%| F|  |TAMS 0x000000070ac00000| PB 0x000000070ac00000| Untracked 
|  73|0x000000070ae00000, 0x000000070ae00000, 0x000000070b000000|  0%| F|  |TAMS 0x000000070ae00000| PB 0x000000070ae00000| Untracked 
|  74|0x000000070b000000, 0x000000070b000000, 0x000000070b200000|  0%| F|  |TAMS 0x000000070b000000| PB 0x000000070b000000| Untracked 
|  75|0x000000070b200000, 0x000000070b200000, 0x000000070b400000|  0%| F|  |TAMS 0x000000070b200000| PB 0x000000070b200000| Untracked 
|  76|0x000000070b400000, 0x000000070b400000, 0x000000070b600000|  0%| F|  |TAMS 0x000000070b400000| PB 0x000000070b400000| Untracked 
|  77|0x000000070b600000, 0x000000070b600000, 0x000000070b800000|  0%| F|  |TAMS 0x000000070b600000| PB 0x000000070b600000| Untracked 
|  78|0x000000070b800000, 0x000000070b800000, 0x000000070ba00000|  0%| F|  |TAMS 0x000000070b800000| PB 0x000000070b800000| Untracked 
|  79|0x000000070ba00000, 0x000000070ba00000, 0x000000070bc00000|  0%| F|  |TAMS 0x000000070ba00000| PB 0x000000070ba00000| Untracked 
|  80|0x000000070bc00000, 0x000000070bc00000, 0x000000070be00000|  0%| F|  |TAMS 0x000000070bc00000| PB 0x000000070bc00000| Untracked 
|  81|0x000000070be00000, 0x000000070be00000, 0x000000070c000000|  0%| F|  |TAMS 0x000000070be00000| PB 0x000000070be00000| Untracked 
|  82|0x000000070c000000, 0x000000070c000000, 0x000000070c200000|  0%| F|  |TAMS 0x000000070c000000| PB 0x000000070c000000| Untracked 
|  83|0x000000070c200000, 0x000000070c200000, 0x000000070c400000|  0%| F|  |TAMS 0x000000070c200000| PB 0x000000070c200000| Untracked 
|  84|0x000000070c400000, 0x000000070c400000, 0x000000070c600000|  0%| F|  |TAMS 0x000000070c400000| PB 0x000000070c400000| Untracked 
|  85|0x000000070c600000, 0x000000070c600000, 0x000000070c800000|  0%| F|  |TAMS 0x000000070c600000| PB 0x000000070c600000| Untracked 
|  86|0x000000070c800000, 0x000000070c800000, 0x000000070ca00000|  0%| F|  |TAMS 0x000000070c800000| PB 0x000000070c800000| Untracked 
|  87|0x000000070ca00000, 0x000000070ca00000, 0x000000070cc00000|  0%| F|  |TAMS 0x000000070ca00000| PB 0x000000070ca00000| Untracked 
|  88|0x000000070cc00000, 0x000000070cc00000, 0x000000070ce00000|  0%| F|  |TAMS 0x000000070cc00000| PB 0x000000070cc00000| Untracked 
|  89|0x000000070ce00000, 0x000000070ce00000, 0x000000070d000000|  0%| F|  |TAMS 0x000000070ce00000| PB 0x000000070ce00000| Untracked 
|  90|0x000000070d000000, 0x000000070d000000, 0x000000070d200000|  0%| F|  |TAMS 0x000000070d000000| PB 0x000000070d000000| Untracked 
|  91|0x000000070d200000, 0x000000070d200000, 0x000000070d400000|  0%| F|  |TAMS 0x000000070d200000| PB 0x000000070d200000| Untracked 
|  92|0x000000070d400000, 0x000000070d400000, 0x000000070d600000|  0%| F|  |TAMS 0x000000070d400000| PB 0x000000070d400000| Untracked 
|  93|0x000000070d600000, 0x000000070d600000, 0x000000070d800000|  0%| F|  |TAMS 0x000000070d600000| PB 0x000000070d600000| Untracked 
|  94|0x000000070d800000, 0x000000070d800000, 0x000000070da00000|  0%| F|  |TAMS 0x000000070d800000| PB 0x000000070d800000| Untracked 
|  95|0x000000070da00000, 0x000000070da00000, 0x000000070dc00000|  0%| F|  |TAMS 0x000000070da00000| PB 0x000000070da00000| Untracked 
|  96|0x000000070dc00000, 0x000000070dc00000, 0x000000070de00000|  0%| F|  |TAMS 0x000000070dc00000| PB 0x000000070dc00000| Untracked 
|  97|0x000000070de00000, 0x000000070de00000, 0x000000070e000000|  0%| F|  |TAMS 0x000000070de00000| PB 0x000000070de00000| Untracked 
|  98|0x000000070e000000, 0x000000070e000000, 0x000000070e200000|  0%| F|  |TAMS 0x000000070e000000| PB 0x000000070e000000| Untracked 
|  99|0x000000070e200000, 0x000000070e200000, 0x000000070e400000|  0%| F|  |TAMS 0x000000070e200000| PB 0x000000070e200000| Untracked 
| 100|0x000000070e400000, 0x000000070e400000, 0x000000070e600000|  0%| F|  |TAMS 0x000000070e400000| PB 0x000000070e400000| Untracked 
| 101|0x000000070e600000, 0x000000070e600000, 0x000000070e800000|  0%| F|  |TAMS 0x000000070e600000| PB 0x000000070e600000| Untracked 
| 102|0x000000070e800000, 0x000000070e800000, 0x000000070ea00000|  0%| F|  |TAMS 0x000000070e800000| PB 0x000000070e800000| Untracked 
| 103|0x000000070ea00000, 0x000000070ea00000, 0x000000070ec00000|  0%| F|  |TAMS 0x000000070ea00000| PB 0x000000070ea00000| Untracked 
| 104|0x000000070ec00000, 0x000000070ec00000, 0x000000070ee00000|  0%| F|  |TAMS 0x000000070ec00000| PB 0x000000070ec00000| Untracked 
| 105|0x000000070ee00000, 0x000000070ee00000, 0x000000070f000000|  0%| F|  |TAMS 0x000000070ee00000| PB 0x000000070ee00000| Untracked 
| 106|0x000000070f000000, 0x000000070f000000, 0x000000070f200000|  0%| F|  |TAMS 0x000000070f000000| PB 0x000000070f000000| Untracked 
| 107|0x000000070f200000, 0x000000070f200000, 0x000000070f400000|  0%| F|  |TAMS 0x000000070f200000| PB 0x000000070f200000| Untracked 
| 108|0x000000070f400000, 0x000000070f400000, 0x000000070f600000|  0%| F|  |TAMS 0x000000070f400000| PB 0x000000070f400000| Untracked 
| 109|0x000000070f600000, 0x000000070f600000, 0x000000070f800000|  0%| F|  |TAMS 0x000000070f600000| PB 0x000000070f600000| Untracked 
| 110|0x000000070f800000, 0x000000070f800000, 0x000000070fa00000|  0%| F|  |TAMS 0x000000070f800000| PB 0x000000070f800000| Untracked 
| 111|0x000000070fa00000, 0x000000070fa00000, 0x000000070fc00000|  0%| F|  |TAMS 0x000000070fa00000| PB 0x000000070fa00000| Untracked 
| 112|0x000000070fc00000, 0x000000070fc00000, 0x000000070fe00000|  0%| F|  |TAMS 0x000000070fc00000| PB 0x000000070fc00000| Untracked 
| 113|0x000000070fe00000, 0x000000070fe00000, 0x0000000710000000|  0%| F|  |TAMS 0x000000070fe00000| PB 0x000000070fe00000| Untracked 
| 114|0x0000000710000000, 0x0000000710000000, 0x0000000710200000|  0%| F|  |TAMS 0x0000000710000000| PB 0x0000000710000000| Untracked 
| 115|0x0000000710200000, 0x0000000710200000, 0x0000000710400000|  0%| F|  |TAMS 0x0000000710200000| PB 0x0000000710200000| Untracked 
| 116|0x0000000710400000, 0x0000000710400000, 0x0000000710600000|  0%| F|  |TAMS 0x0000000710400000| PB 0x0000000710400000| Untracked 
| 117|0x0000000710600000, 0x0000000710600000, 0x0000000710800000|  0%| F|  |TAMS 0x0000000710600000| PB 0x0000000710600000| Untracked 
| 118|0x0000000710800000, 0x0000000710800000, 0x0000000710a00000|  0%| F|  |TAMS 0x0000000710800000| PB 0x0000000710800000| Untracked 
| 119|0x0000000710a00000, 0x0000000710c00000, 0x0000000710c00000|100%| S|CS|TAMS 0x0000000710a00000| PB 0x0000000710a00000| Complete 
| 120|0x0000000710c00000, 0x0000000710c00000, 0x0000000710e00000|  0%| F|  |TAMS 0x0000000710c00000| PB 0x0000000710c00000| Untracked 
| 121|0x0000000710e00000, 0x0000000710e00000, 0x0000000711000000|  0%| F|  |TAMS 0x0000000710e00000| PB 0x0000000710e00000| Untracked 
| 122|0x0000000711000000, 0x0000000711000000, 0x0000000711200000|  0%| F|  |TAMS 0x0000000711000000| PB 0x0000000711000000| Untracked 
| 123|0x0000000711200000, 0x0000000711200000, 0x0000000711400000|  0%| F|  |TAMS 0x0000000711200000| PB 0x0000000711200000| Untracked 
| 124|0x0000000711400000, 0x0000000711400000, 0x0000000711600000|  0%| F|  |TAMS 0x0000000711400000| PB 0x0000000711400000| Untracked 
| 125|0x0000000711600000, 0x0000000711600000, 0x0000000711800000|  0%| F|  |TAMS 0x0000000711600000| PB 0x0000000711600000| Untracked 
| 126|0x0000000711800000, 0x000000071195c798, 0x0000000711a00000| 68%| E|  |TAMS 0x0000000711800000| PB 0x0000000711800000| Complete 
| 127|0x0000000711a00000, 0x0000000711c00000, 0x0000000711c00000|100%| E|CS|TAMS 0x0000000711a00000| PB 0x0000000711a00000| Complete 

Card table byte_map: [0x0000026fe6c90000,0x0000026fe7490000] _byte_map_base: 0x0000026fe3482000

Marking Bits: (CMBitMap*) 0x0000026fd4392a80
 Bits: [0x0000026fe7490000, 0x0000026feb420000)

Polling page: 0x0000026fd21c0000

Metaspace:

Usage:
  Non-class:     11.80 MB used.
      Class:      1.46 MB used.
       Both:     13.26 MB used.

Virtual space:
  Non-class space:       64.00 MB reserved,      11.88 MB ( 19%) committed,  1 nodes.
      Class space:        1.00 GB reserved,       1.56 MB ( <1%) committed,  1 nodes.
             Both:        1.06 GB reserved,      13.44 MB (  1%) committed. 

Chunk freelists:
   Non-Class:  3.61 MB
       Class:  14.31 MB
        Both:  17.92 MB

MaxMetaspaceSize: unlimited
CompressedClassSpaceSize: 1.00 GB
Initial GC threshold: 21.00 MB
Current GC threshold: 21.00 MB
CDS: off
 - commit_granule_bytes: 65536.
 - commit_granule_words: 8192.
 - virtual_space_node_default_size: 8388608.
 - enlarge_chunks_in_place: 1.
 - use_allocation_guard: 0.


Internal statistics:

num_allocs_failed_limit: 0.
num_arena_births: 142.
num_arena_deaths: 0.
num_vsnodes_births: 2.
num_vsnodes_deaths: 0.
num_space_committed: 215.
num_space_uncommitted: 0.
num_chunks_returned_to_freelist: 0.
num_chunks_taken_from_freelist: 330.
num_chunk_merges: 0.
num_chunk_splits: 215.
num_chunks_enlarged: 159.
num_inconsistent_stats: 0.

CodeHeap 'non-profiled nmethods': size=120000Kb used=410Kb max_used=410Kb free=119589Kb
 bounds [0x0000026fdef60000, 0x0000026fdf1d0000, 0x0000026fe6490000]
CodeHeap 'profiled nmethods': size=120000Kb used=2026Kb max_used=2026Kb free=117973Kb
 bounds [0x0000026fd7490000, 0x0000026fd7700000, 0x0000026fde9c0000]
CodeHeap 'non-nmethods': size=5760Kb used=1323Kb max_used=1342Kb free=4436Kb
 bounds [0x0000026fde9c0000, 0x0000026fdec30000, 0x0000026fdef60000]
 total_blobs=1568 nmethods=1117 adapters=356
 compilation: enabled
              stopped_count=0, restarted_count=0
 full_count=0

Compilation events (20 events):
Event: 1.586 Thread 0x0000026fedadd050 1111       3       java.util.regex.Matcher::match (154 bytes)
Event: 1.587 Thread 0x0000026fedadd050 nmethod 1111 0x0000026fd7687910 code [0x0000026fd7687b20, 0x0000026fd76880d0]
Event: 1.587 Thread 0x0000026fedadd050 1109       3       java.util.ArrayList::<init> (61 bytes)
Event: 1.587 Thread 0x0000026fedadd050 nmethod 1109 0x0000026fd7688310 code [0x0000026fd7688580, 0x0000026fd7688e80]
Event: 1.587 Thread 0x0000026fedadd050 1110       3       java.util.regex.Pattern$Slice::<init> (6 bytes)
Event: 1.588 Thread 0x0000026fedadd050 nmethod 1110 0x0000026fd7689190 code [0x0000026fd7689340, 0x0000026fd7689640]
Event: 1.588 Thread 0x0000026fedadd050 1112       3       org.gradle.launcher.cli.converter.LayoutToPropertiesConverter$1::isSatisfiedBy (9 bytes)
Event: 1.588 Thread 0x0000026fedadd050 nmethod 1112 0x0000026fd7689790 code [0x0000026fd7689940, 0x0000026fd7689ba8]
Event: 1.588 Thread 0x0000026fedadd050 1113       3       org.gradle.launcher.cli.converter.LayoutToPropertiesConverter$1::isSatisfiedBy (38 bytes)
Event: 1.588 Thread 0x0000026fedadd050 nmethod 1113 0x0000026fd7689c90 code [0x0000026fd7689e60, 0x0000026fd768a228]
Event: 1.588 Thread 0x0000026fedadd050 1114       1       java.util.concurrent.ConcurrentHashMap$MapEntry::getKey (5 bytes)
Event: 1.588 Thread 0x0000026fedadd050 nmethod 1114 0x0000026fdefc4d90 code [0x0000026fdefc4f20, 0x0000026fdefc4ff0]
Event: 1.588 Thread 0x0000026fedadd050 1115       1       java.util.concurrent.ConcurrentHashMap$MapEntry::getValue (5 bytes)
Event: 1.588 Thread 0x0000026fedadd050 nmethod 1115 0x0000026fdefc5090 code [0x0000026fdefc5220, 0x0000026fdefc52f0]
Event: 1.591 Thread 0x0000026fedaf9fe0 nmethod 1098 0x0000026fdefc5390 code [0x0000026fdefc55e0, 0x0000026fdefc61a8]
Event: 1.591 Thread 0x0000026fedaf9fe0 1102       4       java.util.HashSet::add (20 bytes)
Event: 1.598 Thread 0x0000026fedadd050 1117       3       java.util.HashMap::containsKey (14 bytes)
Event: 1.598 Thread 0x0000026fedadd050 nmethod 1117 0x0000026fd768a390 code [0x0000026fd768a540, 0x0000026fd768a6c8]
Event: 1.598 Thread 0x0000026fedadd050 1118       3       java.util.Arrays$ArrayItr::hasNext (18 bytes)
Event: 1.598 Thread 0x0000026fedadd050 nmethod 1118 0x0000026fd768a790 code [0x0000026fd768a940, 0x0000026fd768aab0]

GC Heap History (4 events):
Event: 0.799 GC heap before
{Heap before GC invocations=0 (full 0):
 garbage-first heap   total 262144K, used 10240K [0x0000000701c00000, 0x0000000800000000)
  region size 2048K, 6 young (12288K), 0 survivors (0K)
 Metaspace       used 8470K, committed 8640K, reserved 1114112K
  class space    used 755K, committed 832K, reserved 1048576K
}
Event: 0.805 GC heap after
{Heap after GC invocations=1 (full 0):
 garbage-first heap   total 262144K, used 2048K [0x0000000701c00000, 0x0000000800000000)
  region size 2048K, 1 young (2048K), 1 survivors (2048K)
 Metaspace       used 8470K, committed 8640K, reserved 1114112K
  class space    used 755K, committed 832K, reserved 1048576K
}
Event: 1.505 GC heap before
{Heap before GC invocations=1 (full 0):
 garbage-first heap   total 262144K, used 18432K [0x0000000701c00000, 0x0000000800000000)
  region size 2048K, 8 young (16384K), 1 survivors (2048K)
 Metaspace       used 12572K, committed 12800K, reserved 1114112K
  class space    used 1370K, committed 1472K, reserved 1048576K
}
Event: 1.510 GC heap after
{Heap after GC invocations=2 (full 0):
 garbage-first heap   total 262144K, used 10566K [0x0000000701c00000, 0x0000000800000000)
  region size 2048K, 1 young (2048K), 1 survivors (2048K)
 Metaspace       used 12572K, committed 12800K, reserved 1114112K
  class space    used 1370K, committed 1472K, reserved 1048576K
}

Dll operation events (3 events):
Event: 0.009 Loaded shared library C:\Program Files\Android\Android Studio\jbr\bin\java.dll
Event: 0.017 Loaded shared library C:\Program Files\Android\Android Studio\jbr\bin\zip.dll
Event: 0.203 Loaded shared library C:\Program Files\Android\Android Studio\jbr\bin\verify.dll

Deoptimization events (20 events):
Event: 1.553 Thread 0x0000026fd4333700 Uncommon trap: trap_request=0xffffffde fr.pc=0x0000026fdefc315c relative=0x000000000000013c
Event: 1.553 Thread 0x0000026fd4333700 Uncommon trap: reason=class_check action=maybe_recompile pc=0x0000026fdefc315c method=jdk.internal.misc.Unsafe.allocateUninitializedArray(Ljava/lang/Class;I)Ljava/lang/Object; @ 51 c2
Event: 1.553 Thread 0x0000026fd4333700 DEOPT PACKING pc=0x0000026fdefc315c sp=0x000000c6cc4fc920
Event: 1.553 Thread 0x0000026fd4333700 DEOPT UNPACKING pc=0x0000026fdea146a2 sp=0x000000c6cc4fc898 mode 2
Event: 1.585 Thread 0x0000026fd4333700 Uncommon trap: trap_request=0xffffffc6 fr.pc=0x0000026fdefb2330 relative=0x0000000000000610
Event: 1.585 Thread 0x0000026fd4333700 Uncommon trap: reason=bimorphic_or_optimized_type_check action=maybe_recompile pc=0x0000026fdefb2330 method=java.util.regex.Matcher.match(II)Z @ 121 c2
Event: 1.585 Thread 0x0000026fd4333700 DEOPT PACKING pc=0x0000026fdefb2330 sp=0x000000c6cc4fdd60
Event: 1.585 Thread 0x0000026fd4333700 DEOPT UNPACKING pc=0x0000026fdea146a2 sp=0x000000c6cc4fdd08 mode 2
Event: 1.585 Thread 0x0000026fd4333700 Uncommon trap: trap_request=0xffffffc6 fr.pc=0x0000026fdefb2330 relative=0x0000000000000610
Event: 1.585 Thread 0x0000026fd4333700 Uncommon trap: reason=bimorphic_or_optimized_type_check action=maybe_recompile pc=0x0000026fdefb2330 method=java.util.regex.Matcher.match(II)Z @ 121 c2
Event: 1.585 Thread 0x0000026fd4333700 DEOPT PACKING pc=0x0000026fdefb2330 sp=0x000000c6cc4fde30
Event: 1.585 Thread 0x0000026fd4333700 DEOPT UNPACKING pc=0x0000026fdea146a2 sp=0x000000c6cc4fddd8 mode 2
Event: 1.585 Thread 0x0000026fd4333700 Uncommon trap: trap_request=0xffffffc6 fr.pc=0x0000026fdefb2330 relative=0x0000000000000610
Event: 1.585 Thread 0x0000026fd4333700 Uncommon trap: reason=bimorphic_or_optimized_type_check action=maybe_recompile pc=0x0000026fdefb2330 method=java.util.regex.Matcher.match(II)Z @ 121 c2
Event: 1.585 Thread 0x0000026fd4333700 DEOPT PACKING pc=0x0000026fdefb2330 sp=0x000000c6cc4fdd60
Event: 1.585 Thread 0x0000026fd4333700 DEOPT UNPACKING pc=0x0000026fdea146a2 sp=0x000000c6cc4fdd08 mode 2
Event: 1.585 Thread 0x0000026fd4333700 Uncommon trap: trap_request=0xffffffc6 fr.pc=0x0000026fdefb2330 relative=0x0000000000000610
Event: 1.585 Thread 0x0000026fd4333700 Uncommon trap: reason=bimorphic_or_optimized_type_check action=maybe_recompile pc=0x0000026fdefb2330 method=java.util.regex.Matcher.match(II)Z @ 121 c2
Event: 1.585 Thread 0x0000026fd4333700 DEOPT PACKING pc=0x0000026fdefb2330 sp=0x000000c6cc4fde30
Event: 1.585 Thread 0x0000026fd4333700 DEOPT UNPACKING pc=0x0000026fdea146a2 sp=0x000000c6cc4fddd8 mode 2

Classes loaded (20 events):
Event: 1.549 Loading class java/util/concurrent/SynchronousQueue
Event: 1.549 Loading class java/util/concurrent/SynchronousQueue done
Event: 1.550 Loading class java/util/concurrent/SynchronousQueue$Transferer
Event: 1.550 Loading class java/util/concurrent/LinkedTransferQueue
Event: 1.550 Loading class java/util/concurrent/TransferQueue
Event: 1.550 Loading class java/util/concurrent/TransferQueue done
Event: 1.550 Loading class java/util/concurrent/LinkedTransferQueue done
Event: 1.550 Loading class java/util/concurrent/SynchronousQueue$Transferer done
Event: 1.550 Loading class java/util/concurrent/LinkedTransferQueue$DualNode
Event: 1.550 Loading class java/util/concurrent/LinkedTransferQueue$DualNode done
Event: 1.582 Loading class java/nio/file/NoSuchFileException
Event: 1.582 Loading class java/nio/file/FileSystemException
Event: 1.582 Loading class java/nio/file/FileSystemException done
Event: 1.582 Loading class java/nio/file/NoSuchFileException done
Event: 1.594 Loading class java/time/Duration
Event: 1.594 Loading class java/time/temporal/TemporalAmount
Event: 1.594 Loading class java/time/temporal/TemporalAmount done
Event: 1.594 Loading class java/time/Duration done
Event: 1.605 Loading class java/math/RoundingMode
Event: 1.605 Loading class java/math/RoundingMode done

Classes unloaded (0 events):
No events

Classes redefined (0 events):
No events

Internal exceptions (14 events):
Event: 0.410 Thread 0x0000026fd4333700 Exception <a 'java/lang/NoSuchMethodError'{0x00000007118d85d8}: 'void java.lang.invoke.DirectMethodHandle$Holder.invokeStatic(java.lang.Object, java.lang.Object)'> (0x00000007118d85d8) 
thrown [s\src\hotspot\share\interpreter\linkResolver.cpp, line 784]
Event: 0.411 Thread 0x0000026fd4333700 Exception <a 'java/lang/NoSuchMethodError'{0x00000007118dc0a0}: 'void java.lang.invoke.DirectMethodHandle$Holder.invokeSpecial(java.lang.Object, java.lang.Object, java.lang.Object)'> (0x00000007118dc0a0) 
thrown [s\src\hotspot\share\interpreter\linkResolver.cpp, line 784]
Event: 0.428 Thread 0x0000026fd4333700 Exception <a 'java/lang/NoSuchMethodError'{0x0000000711931740}: 'void java.lang.invoke.DirectMethodHandle$Holder.invokeStatic(java.lang.Object, java.lang.Object, java.lang.Object)'> (0x0000000711931740) 
thrown [s\src\hotspot\share\interpreter\linkResolver.cpp, line 784]
Event: 0.433 Thread 0x0000026fd4333700 Exception <a 'java/lang/NoSuchMethodError'{0x0000000711986ce0}: 'java.lang.Object java.lang.invoke.Invokers$Holder.invokeExact_MT(java.lang.Object, java.lang.Object, java.lang.Object, java.lang.Object, java.lang.Object)'> (0x0000000711986ce0) 
thrown [s\src\hotspot\share\interpreter\linkResolver.cpp, line 784]
Event: 0.442 Thread 0x0000026fd4333700 Exception <a 'java/lang/NoSuchMethodError'{0x00000007119b4690}: 'int java.lang.invoke.DirectMethodHandle$Holder.invokeStaticInit(java.lang.Object, java.lang.Object)'> (0x00000007119b4690) 
thrown [s\src\hotspot\share\interpreter\linkResolver.cpp, line 784]
Event: 1.258 Thread 0x0000026fd4333700 Exception <a 'java/lang/NoSuchMethodError'{0x00000007113b21c0}: 'void java.lang.invoke.DirectMethodHandle$Holder.invokeInterface(java.lang.Object, java.lang.Object, java.lang.Object)'> (0x00000007113b21c0) 
thrown [s\src\hotspot\share\interpreter\linkResolver.cpp, line 784]
Event: 1.281 Thread 0x0000026fd4333700 Exception <a 'java/lang/NoClassDefFoundError'{0x0000000711004f88}: org/slf4j/impl/StaticMarkerBinder> (0x0000000711004f88) 
thrown [s\src\hotspot\share\classfile\systemDictionary.cpp, line 301]
Event: 1.298 Thread 0x0000026fd4333700 Exception <a 'java/lang/NoSuchMethodError'{0x00000007110975e0}: 'java.lang.Object java.lang.invoke.DirectMethodHandle$Holder.invokeVirtual(java.lang.Object, java.lang.Object, java.lang.Object, java.lang.Object, java.lang.Object, java.lang.Object, java.lang.Object)'> (0x00000007110975e0) 
thrown [s\src\hotspot\share\interpreter\linkResolver.cpp, line 784]
Event: 1.308 Thread 0x0000026fd4333700 Exception <a 'java/lang/NoSuchMethodError'{0x00000007110aa4e0}: 'java.lang.Object java.lang.invoke.DirectMethodHandle$Holder.invokeStatic(java.lang.Object, java.lang.Object, int)'> (0x00000007110aa4e0) 
thrown [s\src\hotspot\share\interpreter\linkResolver.cpp, line 784]
Event: 1.310 Thread 0x0000026fd4333700 Exception <a 'java/lang/NoSuchMethodError'{0x00000007110b5c90}: 'void java.lang.invoke.DelegatingMethodHandle$Holder.delegate(java.lang.Object, java.lang.Object, int, java.lang.Object)'> (0x00000007110b5c90) 
thrown [s\src\hotspot\share\interpreter\linkResolver.cpp, line 784]
Event: 1.310 Thread 0x0000026fd4333700 Exception <a 'java/lang/NoSuchMethodError'{0x00000007110b9ba0}: 'int java.lang.invoke.DirectMethodHandle$Holder.invokeSpecial(java.lang.Object, java.lang.Object, java.lang.Object)'> (0x00000007110b9ba0) 
thrown [s\src\hotspot\share\interpreter\linkResolver.cpp, line 784]
Event: 1.398 Thread 0x0000026fd4333700 Exception <a 'java/lang/NoSuchMethodError'{0x000000071115dcb0}: 'java.lang.Object java.lang.invoke.DirectMethodHandle$Holder.invokeVirtual(java.lang.Object, java.lang.Object, java.lang.Object)'> (0x000000071115dcb0) 
thrown [s\src\hotspot\share\interpreter\linkResolver.cpp, line 784]
Event: 1.503 Thread 0x0000026fd4333700 Exception <a 'java/lang/NoSuchMethodError'{0x0000000710df52c0}: 'java.lang.Object java.lang.invoke.DirectMethodHandle$Holder.invokeVirtual(java.lang.Object, java.lang.Object, java.lang.Object, java.lang.Object)'> (0x0000000710df52c0) 
thrown [s\src\hotspot\share\interpreter\linkResolver.cpp, line 784]
Event: 1.533 Thread 0x0000026fd4333700 Exception <a 'java/lang/NoSuchMethodError'{0x0000000711aa3fa0}: 'java.lang.Object java.lang.invoke.DirectMethodHandle$Holder.invokeVirtual(java.lang.Object, java.lang.Object, java.lang.Object, java.lang.Object, java.lang.Object, java.lang.Object)'> (0x0000000711aa3fa0) 
thrown [s\src\hotspot\share\interpreter\linkResolver.cpp, line 784]

ZGC Phase Switch (0 events):
No events

VM Operations (12 events):
Event: 0.196 Executing VM operation: HandshakeAllThreads (Deoptimize)
Event: 0.196 Executing VM operation: HandshakeAllThreads (Deoptimize) done
Event: 0.798 Executing VM operation: G1CollectForAllocation (G1 Evacuation Pause)
Event: 0.805 Executing VM operation: G1CollectForAllocation (G1 Evacuation Pause) done
Event: 1.075 Executing VM operation: HandshakeAllThreads (Deoptimize)
Event: 1.075 Executing VM operation: HandshakeAllThreads (Deoptimize) done
Event: 1.307 Executing VM operation: HandshakeAllThreads (Deoptimize)
Event: 1.307 Executing VM operation: HandshakeAllThreads (Deoptimize) done
Event: 1.490 Executing VM operation: HandshakeAllThreads (Deoptimize)
Event: 1.490 Executing VM operation: HandshakeAllThreads (Deoptimize) done
Event: 1.505 Executing VM operation: G1CollectForAllocation (G1 Evacuation Pause)
Event: 1.510 Executing VM operation: G1CollectForAllocation (G1 Evacuation Pause) done

Memory protections (0 events):
No events

Nmethod flushes (0 events):
No events

Events (19 events):
Event: 0.016 Thread 0x0000026fd4333700 Thread added: 0x0000026fd4333700
Event: 0.097 Thread 0x0000026fd4333700 Thread added: 0x0000026fedaf3320
Event: 0.098 Thread 0x0000026fd4333700 Thread added: 0x0000026fedaf4530
Event: 0.099 Thread 0x0000026fd4333700 Thread added: 0x0000026fedaf5480
Event: 0.099 Thread 0x0000026fd4333700 Thread added: 0x0000026fedaf5ed0
Event: 0.099 Thread 0x0000026fd4333700 Thread added: 0x0000026fedaf6920
Event: 0.099 Thread 0x0000026fd4333700 Thread added: 0x0000026fedaf7370
Event: 0.100 Thread 0x0000026fd4333700 Thread added: 0x0000026fedaf9fe0
Event: 0.100 Thread 0x0000026fd4333700 Thread added: 0x0000026fedadd050
Event: 0.157 Thread 0x0000026fd4333700 Thread added: 0x0000026fedc9ddb0
Event: 0.165 Thread 0x0000026fd4333700 Thread added: 0x0000026fedcc0220
Event: 0.176 Loaded shared library C:\Program Files\Android\Android Studio\jbr\bin\net.dll
Event: 0.179 Loaded shared library C:\Program Files\Android\Android Studio\jbr\bin\nio.dll
Event: 0.191 Loaded shared library C:\Program Files\Android\Android Studio\jbr\bin\zip.dll
Event: 0.295 Loaded shared library C:\Program Files\Android\Android Studio\jbr\bin\jimage.dll
Event: 0.787 Thread 0x0000026fedadd050 Thread added: 0x0000026ff20a1e60
Event: 1.389 Loaded shared library C:\Users\PC\.gradle\native\68d5fa5c4cc2d200863cafc0d521ce42e7d3e7ee720ec0a83991735586a16f82\windows-amd64\native-platform.dll
Event: 1.401 Thread 0x0000026ff20a1e60 Thread exited: 0x0000026ff20a1e60
Event: 1.420 Thread 0x0000026fd4333700 Thread added: 0x0000026ff2a09af0


Dynamic libraries:
0x00007ff757000000 - 0x00007ff75700a000 	C:\Program Files\Android\Android Studio\jbr\bin\java.exe
0x00007ffd1f570000 - 0x00007ffd1f768000 	C:\WINDOWS\SYSTEM32\ntdll.dll
0x00007ffd1efa0000 - 0x00007ffd1f062000 	C:\WINDOWS\System32\KERNEL32.DLL
0x00007ffd1cc10000 - 0x00007ffd1cf06000 	C:\WINDOWS\System32\KERNELBASE.dll
0x00007ffd1d1d0000 - 0x00007ffd1d2d0000 	C:\WINDOWS\System32\ucrtbase.dll
0x00007ffd11fc0000 - 0x00007ffd11fd8000 	C:\Program Files\Android\Android Studio\jbr\bin\jli.dll
0x00007ffd1ed50000 - 0x00007ffd1eeed000 	C:\WINDOWS\System32\USER32.dll
0x00007ffd1cf10000 - 0x00007ffd1cf32000 	C:\WINDOWS\System32\win32u.dll
0x00007ffd1f080000 - 0x00007ffd1f0ab000 	C:\WINDOWS\System32\GDI32.dll
0x00007ffd1d480000 - 0x00007ffd1d59a000 	C:\WINDOWS\System32\gdi32full.dll
0x00007ffd1cff0000 - 0x00007ffd1d08d000 	C:\WINDOWS\System32\msvcp_win.dll
0x00007ffd0e090000 - 0x00007ffd0e0ab000 	C:\Program Files\Android\Android Studio\jbr\bin\VCRUNTIME140.dll
0x00007ffd01490000 - 0x00007ffd0172a000 	C:\WINDOWS\WinSxS\amd64_microsoft.windows.common-controls_6595b64144ccf1df_6.0.19041.4355_none_60b8b9eb71f62e16\COMCTL32.dll
0x00007ffd1d650000 - 0x00007ffd1d6ee000 	C:\WINDOWS\System32\msvcrt.dll
0x00007ffd1f3d0000 - 0x00007ffd1f3ff000 	C:\WINDOWS\System32\IMM32.DLL
0x00007ffd193d0000 - 0x00007ffd193dc000 	C:\Program Files\Android\Android Studio\jbr\bin\vcruntime140_1.dll
0x00007ffcf62c0000 - 0x00007ffcf634d000 	C:\Program Files\Android\Android Studio\jbr\bin\msvcp140.dll
0x00007ffcf6720000 - 0x00007ffcf73ab000 	C:\Program Files\Android\Android Studio\jbr\bin\server\jvm.dll
0x00007ffd1d5a0000 - 0x00007ffd1d64f000 	C:\WINDOWS\System32\ADVAPI32.dll
0x00007ffd1e2b0000 - 0x00007ffd1e34f000 	C:\WINDOWS\System32\sechost.dll
0x00007ffd1f0b0000 - 0x00007ffd1f1d3000 	C:\WINDOWS\System32\RPCRT4.dll
0x00007ffd1d1a0000 - 0x00007ffd1d1c7000 	C:\WINDOWS\System32\bcrypt.dll
0x00007ffd1d6f0000 - 0x00007ffd1d75b000 	C:\WINDOWS\System32\WS2_32.dll
0x00007ffd1caf0000 - 0x00007ffd1cb3b000 	C:\WINDOWS\SYSTEM32\POWRPROF.dll
0x00007ffd154e0000 - 0x00007ffd15507000 	C:\WINDOWS\SYSTEM32\WINMM.dll
0x00007ffd19060000 - 0x00007ffd1906a000 	C:\WINDOWS\SYSTEM32\VERSION.dll
0x00007ffd1ca50000 - 0x00007ffd1ca62000 	C:\WINDOWS\SYSTEM32\UMPDC.dll
0x00007ffd1b480000 - 0x00007ffd1b492000 	C:\WINDOWS\SYSTEM32\kernel.appcore.dll
0x00007ffd11030000 - 0x00007ffd1103a000 	C:\Program Files\Android\Android Studio\jbr\bin\jimage.dll
0x00007ffd12080000 - 0x00007ffd12281000 	C:\WINDOWS\SYSTEM32\DBGHELP.DLL
0x00007ffd10090000 - 0x00007ffd100c4000 	C:\WINDOWS\SYSTEM32\dbgcore.DLL
0x00007ffd1d090000 - 0x00007ffd1d112000 	C:\WINDOWS\System32\bcryptPrimitives.dll
0x00007ffd0dfe0000 - 0x00007ffd0e000000 	C:\Program Files\Android\Android Studio\jbr\bin\java.dll
0x00007ffcf6700000 - 0x00007ffcf6718000 	C:\Program Files\Android\Android Studio\jbr\bin\zip.dll
0x00007ffd1e5c0000 - 0x00007ffd1ed2e000 	C:\WINDOWS\System32\SHELL32.dll
0x00007ffd1ac60000 - 0x00007ffd1b403000 	C:\WINDOWS\SYSTEM32\windows.storage.dll
0x00007ffd1dcc0000 - 0x00007ffd1e013000 	C:\WINDOWS\System32\combase.dll
0x00007ffd1c570000 - 0x00007ffd1c59b000 	C:\WINDOWS\SYSTEM32\Wldp.dll
0x00007ffd1f2f0000 - 0x00007ffd1f3bd000 	C:\WINDOWS\System32\OLEAUT32.dll
0x00007ffd1eef0000 - 0x00007ffd1ef9d000 	C:\WINDOWS\System32\SHCORE.dll
0x00007ffd1e470000 - 0x00007ffd1e4c5000 	C:\WINDOWS\System32\shlwapi.dll
0x00007ffd1cb40000 - 0x00007ffd1cb65000 	C:\WINDOWS\SYSTEM32\profapi.dll
0x00007ffd0e5c0000 - 0x00007ffd0e5d0000 	C:\Program Files\Android\Android Studio\jbr\bin\net.dll
0x00007ffd0f1e0000 - 0x00007ffd0f2ea000 	C:\WINDOWS\SYSTEM32\WINHTTP.dll
0x00007ffd1c2d0000 - 0x00007ffd1c33c000 	C:\WINDOWS\system32\mswsock.dll
0x00007ffcf66e0000 - 0x00007ffcf66f6000 	C:\Program Files\Android\Android Studio\jbr\bin\nio.dll
0x00007ffcf6270000 - 0x00007ffcf6280000 	C:\Program Files\Android\Android Studio\jbr\bin\verify.dll
0x00007ffd03080000 - 0x00007ffd030a7000 	C:\Users\PC\.gradle\native\68d5fa5c4cc2d200863cafc0d521ce42e7d3e7ee720ec0a83991735586a16f82\windows-amd64\native-platform.dll

dbghelp: loaded successfully - version: 4.0.5 - missing functions: none
symbol engine: initialized successfully - sym options: 0x614 - pdb path: .;C:\Program Files\Android\Android Studio\jbr\bin;C:\WINDOWS\SYSTEM32;C:\WINDOWS\WinSxS\amd64_microsoft.windows.common-controls_6595b64144ccf1df_6.0.19041.4355_none_60b8b9eb71f62e16;C:\Program Files\Android\Android Studio\jbr\bin\server;C:\Users\PC\.gradle\native\68d5fa5c4cc2d200863cafc0d521ce42e7d3e7ee720ec0a83991735586a16f82\windows-amd64

VM Arguments:
jvm_args: -Dorg.gradle.appname=gradlew 
java_command: org.gradle.wrapper.GradleWrapperMain -q -Ptarget-platform=android-arm -Ptarget=F:\Rapit\lib\main.dart -Pbase-application-name=android.app.Application -Pdart-defines=Zmx1dHRlci5pbnNwZWN0b3Iuc3RydWN0dXJlZEVycm9ycz10cnVl -Pdart-obfuscation=false -Ptrack-widget-creation=true -Ptree-shake-icons=false -Pfilesystem-scheme=org-dartlang-root assembleDebug
java_class_path (initial): F:\Rapit\android\\gradle\wrapper\gradle-wrapper.jar
Launcher Type: SUN_STANDARD

[Global flags]
     intx CICompilerCount                          = 3                                         {product} {ergonomic}
     uint ConcGCThreads                            = 1                                         {product} {ergonomic}
     uint G1ConcRefinementThreads                  = 4                                         {product} {ergonomic}
   size_t G1HeapRegionSize                         = 2097152                                   {product} {ergonomic}
    uintx GCDrainStackTargetSize                   = 64                                        {product} {ergonomic}
   size_t InitialHeapSize                          = 268435456                                 {product} {ergonomic}
   size_t MarkStackSize                            = 4194304                                   {product} {ergonomic}
   size_t MaxHeapSize                              = 4265607168                                {product} {ergonomic}
   size_t MaxNewSize                               = 2558525440                                {product} {ergonomic}
   size_t MinHeapDeltaBytes                        = 2097152                                   {product} {ergonomic}
   size_t MinHeapSize                              = 8388608                                   {product} {ergonomic}
    uintx NonNMethodCodeHeapSize                   = 5832780                                {pd product} {ergonomic}
    uintx NonProfiledCodeHeapSize                  = 122912730                              {pd product} {ergonomic}
    uintx ProfiledCodeHeapSize                     = 122912730                              {pd product} {ergonomic}
    uintx ReservedCodeCacheSize                    = 251658240                              {pd product} {ergonomic}
     bool SegmentedCodeCache                       = true                                      {product} {ergonomic}
   size_t SoftMaxHeapSize                          = 4265607168                             {manageable} {ergonomic}
     bool UseCompressedOops                        = true                           {product lp64_product} {ergonomic}
     bool UseG1GC                                  = true                                      {product} {ergonomic}
     bool UseLargePagesIndividualAllocation        = false                                  {pd product} {ergonomic}

Logging:
Log output configuration:
 #0: stdout all=warning uptime,level,tags foldmultilines=false
 #1: stderr all=off uptime,level,tags foldmultilines=false

Environment Variables:
JAVA_HOME=C:\Program Files\Android\Android Studio\jbr
CLASSPATH=F:\Rapit\android\\gradle\wrapper\gradle-wrapper.jar
PATH=C:\Program Files\Android\Android Studio\jbr\bin;c:\Users\PC\AppData\Local\Programs\cursor\resources\app\bin;C:\WINDOWS\system32;C:\WINDOWS;C:\WINDOWS\System32\Wbem;C:\WINDOWS\System32\WindowsPowerShell\v1.0\;C:\WINDOWS\System32\OpenSSH\;C:\Program Files (x86)\Common Files\Intuit\QBPOSSDKRuntime;C:\Users\PC\AppData\Local\Microsoft\WindowsApps;C:\Users\PC\AppData\Local\Programs\cursor\resources\app\bin;c:\Users\PC\AppData\Local\Programs\cursor\resources\app\bin;C:\Program Files\Git\cmd;C:\Program Files\Android\Android Studio\jbr\bin;C:\Users\PC\Downloads\jdk-17.0.12\bin;C:\Users\PC\Downloads\jdk-17.0.12\bin;C:\Users\PC\AppData\Local\Microsoft\WindowsApps;C:\Users\PC\AppData\Local\Programs\Microsoft VS Code\bin;C:\Users\PC\AppData\Local\Programs\cursor\resources\app\bin;C:\Users\PC\Downloads\flutter\bin;C:\Program Files\Android\Android Studio\jbr\bin;C:\Users\PC\AppData\Local\Android\Sdk\platform-tools;;C:\Users\PC\Downloads\flutter\bin\mingit\cmd
USERNAME=PC
OS=Windows_NT
PROCESSOR_IDENTIFIER=Intel64 Family 6 Model 78 Stepping 3, GenuineIntel
TMP=C:\Users\PC\AppData\Local\Temp
TEMP=C:\Users\PC\AppData\Local\Temp




Periodic native trim disabled

JNI global refs:
JNI global refs: 7, weak refs: 0

JNI global refs memory usage: 835, weak refs: 833

Process memory usage:
Resident Set Size: 83708K (0% of 16654948K total physical memory with 977020K free physical memory)

OOME stack traces (most recent first):
Classloader memory used:
