#
# There is insufficient memory for the Java Runtime Environment to continue.
# Native memory allocation (malloc) failed to allocate 32744 bytes. Error detail: Chunk::new
# Possible reasons:
#   The system is out of physical RAM or swap space
#   This process is running with CompressedOops enabled, and the Java Heap may be blocking the growth of the native heap
# Possible solutions:
#   Reduce memory load on the system
#   Increase physical memory or swap space
#   Check if swap backing store is full
#   Decrease Java heap size (-Xmx/-Xms)
#   Decrease number of Java threads
#   Decrease Java thread stack sizes (-Xss)
#   Set larger code cache with -XX:ReservedCodeCacheSize=
#   JVM is running with Zero Based Compressed Oops mode in which the Java heap is
#     placed in the first 32GB address space. The Java Heap base address is the
#     maximum limit for the native heap growth. Please use -XX:HeapBaseMinAddress
#     to set the Java Heap base and to place the Java Heap above 32GB virtual address.
# This output file may be truncated or incomplete.
#
#  Out of Memory Error (arena.cpp:168), pid=14704, tid=10600
#
# JRE version: OpenJDK Runtime Environment (21.0.6) (build 21.0.6+-13368085-b895.109)
# Java VM: OpenJDK 64-Bit Server VM (21.0.6+-13368085-b895.109, mixed mode, tiered, compressed oops, compressed class ptrs, g1 gc, windows-amd64)
# No core dump will be written. Minidumps are not enabled by default on client versions of Windows
#

---------------  S U M M A R Y ------------

Command Line: -Dorg.gradle.appname=gradlew org.gradle.wrapper.GradleWrapperMain -q -Ptarget-platform=android-arm -Ptarget=F:\Rapit\lib\main.dart -Pbase-application-name=android.app.Application -Pdart-defines=Zmx1dHRlci5pbnNwZWN0b3Iuc3RydWN0dXJlZEVycm9ycz10cnVl -Pdart-obfuscation=false -Ptrack-widget-creation=true -Ptree-shake-icons=false -Pfilesystem-scheme=org-dartlang-root assembleDebug

Host: Intel(R) Core(TM) i5-6300U CPU @ 2.40GHz, 4 cores, 15G,  Windows 10 , 64 bit Build 19041 (10.0.19041.5794)
Time: Sat May 24 20:02:56 2025 Pakistan Standard Time elapsed time: 1.799514 seconds (0d 0h 0m 1s)

---------------  T H R E A D  ---------------

Current thread (0x0000024d42386fe0):  JavaThread "C2 CompilerThread0" daemon [_thread_in_native, id=10600, stack(0x0000006578200000,0x0000006578300000) (1024K)]


Current CompileTask:
C2:1799  838       4       java.util.jar.JarFile::getEntry (35 bytes)

Stack: [0x0000006578200000,0x0000006578300000]
Native frames: (J=compiled Java code, j=interpreted, Vv=VM code, C=native code)
V  [jvm.dll+0x6d0639]
V  [jvm.dll+0x85eb03]
V  [jvm.dll+0x86105e]
V  [jvm.dll+0x861743]
V  [jvm.dll+0x27e6e6]
V  [jvm.dll+0xbff6d]
V  [jvm.dll+0xc04a3]
V  [jvm.dll+0xa27a5]
V  [jvm.dll+0x65a46b]
V  [jvm.dll+0x66069b]
V  [jvm.dll+0x661562]
V  [jvm.dll+0x65f94e]
V  [jvm.dll+0x247aff]
V  [jvm.dll+0x247251]
V  [jvm.dll+0x1c5f04]
V  [jvm.dll+0x2569ac]
V  [jvm.dll+0x254ef6]
V  [jvm.dll+0x3f0e96]
V  [jvm.dll+0x806ed8]
V  [jvm.dll+0x6cef0d]
C  [ucrtbase.dll+0x21bb2]
C  [KERNEL32.DLL+0x17374]
C  [ntdll.dll+0x4cc91]


---------------  P R O C E S S  ---------------

Threads class SMR info:
_java_thread_list=0x0000024d42d22ea0, length=11, elements={
0x0000024d28bd3700, 0x0000024d42382470, 0x0000024d4235f390, 0x0000024d42368dd0,
0x0000024d42369430, 0x0000024d4236baa0, 0x0000024d4236c100, 0x0000024d42386fe0,
0x0000024d42389690, 0x0000024d42520680, 0x0000024d42526d10
}

Java Threads: ( => current thread )
  0x0000024d28bd3700 JavaThread "main"                              [_thread_in_vm, id=9192, stack(0x0000006577400000,0x0000006577500000) (1024K)]
  0x0000024d42382470 JavaThread "Reference Handler"          daemon [_thread_blocked, id=5164, stack(0x0000006577c00000,0x0000006577d00000) (1024K)]
  0x0000024d4235f390 JavaThread "Finalizer"                  daemon [_thread_blocked, id=17888, stack(0x0000006577d00000,0x0000006577e00000) (1024K)]
  0x0000024d42368dd0 JavaThread "Signal Dispatcher"          daemon [_thread_blocked, id=2528, stack(0x0000006577e00000,0x0000006577f00000) (1024K)]
  0x0000024d42369430 JavaThread "Attach Listener"            daemon [_thread_blocked, id=15292, stack(0x0000006577f00000,0x0000006578000000) (1024K)]
  0x0000024d4236baa0 JavaThread "Service Thread"             daemon [_thread_blocked, id=1704, stack(0x0000006578000000,0x0000006578100000) (1024K)]
  0x0000024d4236c100 JavaThread "Monitor Deflation Thread"   daemon [_thread_blocked, id=14304, stack(0x0000006578100000,0x0000006578200000) (1024K)]
=>0x0000024d42386fe0 JavaThread "C2 CompilerThread0"         daemon [_thread_in_native, id=10600, stack(0x0000006578200000,0x0000006578300000) (1024K)]
  0x0000024d42389690 JavaThread "C1 CompilerThread0"         daemon [_thread_blocked, id=5688, stack(0x0000006578300000,0x0000006578400000) (1024K)]
  0x0000024d42520680 JavaThread "Notification Thread"        daemon [_thread_blocked, id=9480, stack(0x0000006578400000,0x0000006578500000) (1024K)]
  0x0000024d42526d10 JavaThread "Common-Cleaner"             daemon [_thread_blocked, id=11604, stack(0x0000006578500000,0x0000006578600000) (1024K)]
Total: 11

Other Threads:
  0x0000024d42318460 VMThread "VM Thread"                           [id=17612, stack(0x0000006577b00000,0x0000006577c00000) (1024K)]
  0x0000024d42161200 WatcherThread "VM Periodic Task Thread"        [id=12896, stack(0x0000006577a00000,0x0000006577b00000) (1024K)]
  0x0000024d28c32470 WorkerThread "GC Thread#0"                     [id=1196, stack(0x0000006577500000,0x0000006577600000) (1024K)]
  0x0000024d428ab8b0 WorkerThread "GC Thread#1"                     [id=10924, stack(0x0000006578700000,0x0000006578800000) (1024K)]
  0x0000024d428abc50 WorkerThread "GC Thread#2"                     [id=8132, stack(0x0000006578800000,0x0000006578900000) (1024K)]
  0x0000024d4293f480 WorkerThread "GC Thread#3"                     [id=15028, stack(0x0000006578900000,0x0000006578a00000) (1024K)]
  0x0000024d28c43310 ConcurrentGCThread "G1 Main Marker"            [id=14392, stack(0x0000006577600000,0x0000006577700000) (1024K)]
  0x0000024d28c43d20 WorkerThread "G1 Conc#0"                       [id=1896, stack(0x0000006577700000,0x0000006577800000) (1024K)]
  0x0000024d42026500 ConcurrentGCThread "G1 Refine#0"               [id=9352, stack(0x0000006577800000,0x0000006577900000) (1024K)]
  0x0000024d42028aa0 ConcurrentGCThread "G1 Service"                [id=7628, stack(0x0000006577900000,0x0000006577a00000) (1024K)]
Total: 10

Threads with active compile tasks:
C2 CompilerThread0  1889  838       4       java.util.jar.JarFile::getEntry (35 bytes)
Total: 1

VM state: not at safepoint (normal execution)

VM Mutex/Monitor currently owned by a thread: None

Heap address: 0x0000000701c00000, size: 4068 MB, Compressed Oops mode: Zero based, Oop shift amount: 3

CDS archive(s) not mapped
Compressed class space mapped at: 0x0000000800000000-0x0000000840000000, reserved size: 1073741824
Narrow klass base: 0x0000000800000000, Narrow klass shift: 0, Narrow klass range: 0x40000000

GC Precious Log:
 CardTable entry size: 512
 Card Set container configuration: InlinePtr #cards 4 size 8 Array Of Cards #cards 16 size 48 Howl #buckets 8 coarsen threshold 3686 Howl Bitmap #cards 512 size 80 coarsen threshold 460 Card regions per heap region 1 cards per card region 4096
 CPUs: 4 total, 4 available
 Memory: 16264M
 Large Page Support: Disabled
 NUMA Support: Disabled
 Compressed Oops: Enabled (Zero based)
 Heap Region Size: 2M
 Heap Min Capacity: 8M
 Heap Initial Capacity: 256M
 Heap Max Capacity: 4068M
 Pre-touch: Disabled
 Parallel Workers: 4
 Concurrent Workers: 1
 Concurrent Refinement Workers: 4
 Periodic GC: Disabled

Heap:
 garbage-first heap   total 262144K, used 10248K [0x0000000701c00000, 0x0000000800000000)
  region size 2048K, 5 young (10240K), 1 survivors (2048K)
 Metaspace       used 10379K, committed 10560K, reserved 1114112K
  class space    used 1000K, committed 1088K, reserved 1048576K

Heap Regions: E=young(eden), S=young(survivor), O=old, HS=humongous(starts), HC=humongous(continues), CS=collection set, F=free, TAMS=top-at-mark-start, PB=parsable bottom
|   0|0x0000000701c00000, 0x0000000701c02000, 0x0000000701e00000|  0%| O|  |TAMS 0x0000000701c00000| PB 0x0000000701c00000| Untracked 
|   1|0x0000000701e00000, 0x0000000702000000, 0x0000000702000000|100%|HS|  |TAMS 0x0000000701e00000| PB 0x0000000701e00000| Complete 
|   2|0x0000000702000000, 0x0000000702200000, 0x0000000702200000|100%|HC|  |TAMS 0x0000000702000000| PB 0x0000000702000000| Complete 
|   3|0x0000000702200000, 0x0000000702200000, 0x0000000702400000|  0%| F|  |TAMS 0x0000000702200000| PB 0x0000000702200000| Untracked 
|   4|0x0000000702400000, 0x0000000702400000, 0x0000000702600000|  0%| F|  |TAMS 0x0000000702400000| PB 0x0000000702400000| Untracked 
|   5|0x0000000702600000, 0x0000000702600000, 0x0000000702800000|  0%| F|  |TAMS 0x0000000702600000| PB 0x0000000702600000| Untracked 
|   6|0x0000000702800000, 0x0000000702800000, 0x0000000702a00000|  0%| F|  |TAMS 0x0000000702800000| PB 0x0000000702800000| Untracked 
|   7|0x0000000702a00000, 0x0000000702a00000, 0x0000000702c00000|  0%| F|  |TAMS 0x0000000702a00000| PB 0x0000000702a00000| Untracked 
|   8|0x0000000702c00000, 0x0000000702c00000, 0x0000000702e00000|  0%| F|  |TAMS 0x0000000702c00000| PB 0x0000000702c00000| Untracked 
|   9|0x0000000702e00000, 0x0000000702e00000, 0x0000000703000000|  0%| F|  |TAMS 0x0000000702e00000| PB 0x0000000702e00000| Untracked 
|  10|0x0000000703000000, 0x0000000703000000, 0x0000000703200000|  0%| F|  |TAMS 0x0000000703000000| PB 0x0000000703000000| Untracked 
|  11|0x0000000703200000, 0x0000000703200000, 0x0000000703400000|  0%| F|  |TAMS 0x0000000703200000| PB 0x0000000703200000| Untracked 
|  12|0x0000000703400000, 0x0000000703400000, 0x0000000703600000|  0%| F|  |TAMS 0x0000000703400000| PB 0x0000000703400000| Untracked 
|  13|0x0000000703600000, 0x0000000703600000, 0x0000000703800000|  0%| F|  |TAMS 0x0000000703600000| PB 0x0000000703600000| Untracked 
|  14|0x0000000703800000, 0x0000000703800000, 0x0000000703a00000|  0%| F|  |TAMS 0x0000000703800000| PB 0x0000000703800000| Untracked 
|  15|0x0000000703a00000, 0x0000000703a00000, 0x0000000703c00000|  0%| F|  |TAMS 0x0000000703a00000| PB 0x0000000703a00000| Untracked 
|  16|0x0000000703c00000, 0x0000000703c00000, 0x0000000703e00000|  0%| F|  |TAMS 0x0000000703c00000| PB 0x0000000703c00000| Untracked 
|  17|0x0000000703e00000, 0x0000000703e00000, 0x0000000704000000|  0%| F|  |TAMS 0x0000000703e00000| PB 0x0000000703e00000| Untracked 
|  18|0x0000000704000000, 0x0000000704000000, 0x0000000704200000|  0%| F|  |TAMS 0x0000000704000000| PB 0x0000000704000000| Untracked 
|  19|0x0000000704200000, 0x0000000704200000, 0x0000000704400000|  0%| F|  |TAMS 0x0000000704200000| PB 0x0000000704200000| Untracked 
|  20|0x0000000704400000, 0x0000000704400000, 0x0000000704600000|  0%| F|  |TAMS 0x0000000704400000| PB 0x0000000704400000| Untracked 
|  21|0x0000000704600000, 0x0000000704600000, 0x0000000704800000|  0%| F|  |TAMS 0x0000000704600000| PB 0x0000000704600000| Untracked 
|  22|0x0000000704800000, 0x0000000704800000, 0x0000000704a00000|  0%| F|  |TAMS 0x0000000704800000| PB 0x0000000704800000| Untracked 
|  23|0x0000000704a00000, 0x0000000704a00000, 0x0000000704c00000|  0%| F|  |TAMS 0x0000000704a00000| PB 0x0000000704a00000| Untracked 
|  24|0x0000000704c00000, 0x0000000704c00000, 0x0000000704e00000|  0%| F|  |TAMS 0x0000000704c00000| PB 0x0000000704c00000| Untracked 
|  25|0x0000000704e00000, 0x0000000704e00000, 0x0000000705000000|  0%| F|  |TAMS 0x0000000704e00000| PB 0x0000000704e00000| Untracked 
|  26|0x0000000705000000, 0x0000000705000000, 0x0000000705200000|  0%| F|  |TAMS 0x0000000705000000| PB 0x0000000705000000| Untracked 
|  27|0x0000000705200000, 0x0000000705200000, 0x0000000705400000|  0%| F|  |TAMS 0x0000000705200000| PB 0x0000000705200000| Untracked 
|  28|0x0000000705400000, 0x0000000705400000, 0x0000000705600000|  0%| F|  |TAMS 0x0000000705400000| PB 0x0000000705400000| Untracked 
|  29|0x0000000705600000, 0x0000000705600000, 0x0000000705800000|  0%| F|  |TAMS 0x0000000705600000| PB 0x0000000705600000| Untracked 
|  30|0x0000000705800000, 0x0000000705800000, 0x0000000705a00000|  0%| F|  |TAMS 0x0000000705800000| PB 0x0000000705800000| Untracked 
|  31|0x0000000705a00000, 0x0000000705a00000, 0x0000000705c00000|  0%| F|  |TAMS 0x0000000705a00000| PB 0x0000000705a00000| Untracked 
|  32|0x0000000705c00000, 0x0000000705c00000, 0x0000000705e00000|  0%| F|  |TAMS 0x0000000705c00000| PB 0x0000000705c00000| Untracked 
|  33|0x0000000705e00000, 0x0000000705e00000, 0x0000000706000000|  0%| F|  |TAMS 0x0000000705e00000| PB 0x0000000705e00000| Untracked 
|  34|0x0000000706000000, 0x0000000706000000, 0x0000000706200000|  0%| F|  |TAMS 0x0000000706000000| PB 0x0000000706000000| Untracked 
|  35|0x0000000706200000, 0x0000000706200000, 0x0000000706400000|  0%| F|  |TAMS 0x0000000706200000| PB 0x0000000706200000| Untracked 
|  36|0x0000000706400000, 0x0000000706400000, 0x0000000706600000|  0%| F|  |TAMS 0x0000000706400000| PB 0x0000000706400000| Untracked 
|  37|0x0000000706600000, 0x0000000706600000, 0x0000000706800000|  0%| F|  |TAMS 0x0000000706600000| PB 0x0000000706600000| Untracked 
|  38|0x0000000706800000, 0x0000000706800000, 0x0000000706a00000|  0%| F|  |TAMS 0x0000000706800000| PB 0x0000000706800000| Untracked 
|  39|0x0000000706a00000, 0x0000000706a00000, 0x0000000706c00000|  0%| F|  |TAMS 0x0000000706a00000| PB 0x0000000706a00000| Untracked 
|  40|0x0000000706c00000, 0x0000000706c00000, 0x0000000706e00000|  0%| F|  |TAMS 0x0000000706c00000| PB 0x0000000706c00000| Untracked 
|  41|0x0000000706e00000, 0x0000000706e00000, 0x0000000707000000|  0%| F|  |TAMS 0x0000000706e00000| PB 0x0000000706e00000| Untracked 
|  42|0x0000000707000000, 0x0000000707000000, 0x0000000707200000|  0%| F|  |TAMS 0x0000000707000000| PB 0x0000000707000000| Untracked 
|  43|0x0000000707200000, 0x0000000707200000, 0x0000000707400000|  0%| F|  |TAMS 0x0000000707200000| PB 0x0000000707200000| Untracked 
|  44|0x0000000707400000, 0x0000000707400000, 0x0000000707600000|  0%| F|  |TAMS 0x0000000707400000| PB 0x0000000707400000| Untracked 
|  45|0x0000000707600000, 0x0000000707600000, 0x0000000707800000|  0%| F|  |TAMS 0x0000000707600000| PB 0x0000000707600000| Untracked 
|  46|0x0000000707800000, 0x0000000707800000, 0x0000000707a00000|  0%| F|  |TAMS 0x0000000707800000| PB 0x0000000707800000| Untracked 
|  47|0x0000000707a00000, 0x0000000707a00000, 0x0000000707c00000|  0%| F|  |TAMS 0x0000000707a00000| PB 0x0000000707a00000| Untracked 
|  48|0x0000000707c00000, 0x0000000707c00000, 0x0000000707e00000|  0%| F|  |TAMS 0x0000000707c00000| PB 0x0000000707c00000| Untracked 
|  49|0x0000000707e00000, 0x0000000707e00000, 0x0000000708000000|  0%| F|  |TAMS 0x0000000707e00000| PB 0x0000000707e00000| Untracked 
|  50|0x0000000708000000, 0x0000000708000000, 0x0000000708200000|  0%| F|  |TAMS 0x0000000708000000| PB 0x0000000708000000| Untracked 
|  51|0x0000000708200000, 0x0000000708200000, 0x0000000708400000|  0%| F|  |TAMS 0x0000000708200000| PB 0x0000000708200000| Untracked 
|  52|0x0000000708400000, 0x0000000708400000, 0x0000000708600000|  0%| F|  |TAMS 0x0000000708400000| PB 0x0000000708400000| Untracked 
|  53|0x0000000708600000, 0x0000000708600000, 0x0000000708800000|  0%| F|  |TAMS 0x0000000708600000| PB 0x0000000708600000| Untracked 
|  54|0x0000000708800000, 0x0000000708800000, 0x0000000708a00000|  0%| F|  |TAMS 0x0000000708800000| PB 0x0000000708800000| Untracked 
|  55|0x0000000708a00000, 0x0000000708a00000, 0x0000000708c00000|  0%| F|  |TAMS 0x0000000708a00000| PB 0x0000000708a00000| Untracked 
|  56|0x0000000708c00000, 0x0000000708c00000, 0x0000000708e00000|  0%| F|  |TAMS 0x0000000708c00000| PB 0x0000000708c00000| Untracked 
|  57|0x0000000708e00000, 0x0000000708e00000, 0x0000000709000000|  0%| F|  |TAMS 0x0000000708e00000| PB 0x0000000708e00000| Untracked 
|  58|0x0000000709000000, 0x0000000709000000, 0x0000000709200000|  0%| F|  |TAMS 0x0000000709000000| PB 0x0000000709000000| Untracked 
|  59|0x0000000709200000, 0x0000000709200000, 0x0000000709400000|  0%| F|  |TAMS 0x0000000709200000| PB 0x0000000709200000| Untracked 
|  60|0x0000000709400000, 0x0000000709400000, 0x0000000709600000|  0%| F|  |TAMS 0x0000000709400000| PB 0x0000000709400000| Untracked 
|  61|0x0000000709600000, 0x0000000709600000, 0x0000000709800000|  0%| F|  |TAMS 0x0000000709600000| PB 0x0000000709600000| Untracked 
|  62|0x0000000709800000, 0x0000000709800000, 0x0000000709a00000|  0%| F|  |TAMS 0x0000000709800000| PB 0x0000000709800000| Untracked 
|  63|0x0000000709a00000, 0x0000000709a00000, 0x0000000709c00000|  0%| F|  |TAMS 0x0000000709a00000| PB 0x0000000709a00000| Untracked 
|  64|0x0000000709c00000, 0x0000000709c00000, 0x0000000709e00000|  0%| F|  |TAMS 0x0000000709c00000| PB 0x0000000709c00000| Untracked 
|  65|0x0000000709e00000, 0x0000000709e00000, 0x000000070a000000|  0%| F|  |TAMS 0x0000000709e00000| PB 0x0000000709e00000| Untracked 
|  66|0x000000070a000000, 0x000000070a000000, 0x000000070a200000|  0%| F|  |TAMS 0x000000070a000000| PB 0x000000070a000000| Untracked 
|  67|0x000000070a200000, 0x000000070a200000, 0x000000070a400000|  0%| F|  |TAMS 0x000000070a200000| PB 0x000000070a200000| Untracked 
|  68|0x000000070a400000, 0x000000070a400000, 0x000000070a600000|  0%| F|  |TAMS 0x000000070a400000| PB 0x000000070a400000| Untracked 
|  69|0x000000070a600000, 0x000000070a600000, 0x000000070a800000|  0%| F|  |TAMS 0x000000070a600000| PB 0x000000070a600000| Untracked 
|  70|0x000000070a800000, 0x000000070a800000, 0x000000070aa00000|  0%| F|  |TAMS 0x000000070a800000| PB 0x000000070a800000| Untracked 
|  71|0x000000070aa00000, 0x000000070aa00000, 0x000000070ac00000|  0%| F|  |TAMS 0x000000070aa00000| PB 0x000000070aa00000| Untracked 
|  72|0x000000070ac00000, 0x000000070ac00000, 0x000000070ae00000|  0%| F|  |TAMS 0x000000070ac00000| PB 0x000000070ac00000| Untracked 
|  73|0x000000070ae00000, 0x000000070ae00000, 0x000000070b000000|  0%| F|  |TAMS 0x000000070ae00000| PB 0x000000070ae00000| Untracked 
|  74|0x000000070b000000, 0x000000070b000000, 0x000000070b200000|  0%| F|  |TAMS 0x000000070b000000| PB 0x000000070b000000| Untracked 
|  75|0x000000070b200000, 0x000000070b200000, 0x000000070b400000|  0%| F|  |TAMS 0x000000070b200000| PB 0x000000070b200000| Untracked 
|  76|0x000000070b400000, 0x000000070b400000, 0x000000070b600000|  0%| F|  |TAMS 0x000000070b400000| PB 0x000000070b400000| Untracked 
|  77|0x000000070b600000, 0x000000070b600000, 0x000000070b800000|  0%| F|  |TAMS 0x000000070b600000| PB 0x000000070b600000| Untracked 
|  78|0x000000070b800000, 0x000000070b800000, 0x000000070ba00000|  0%| F|  |TAMS 0x000000070b800000| PB 0x000000070b800000| Untracked 
|  79|0x000000070ba00000, 0x000000070ba00000, 0x000000070bc00000|  0%| F|  |TAMS 0x000000070ba00000| PB 0x000000070ba00000| Untracked 
|  80|0x000000070bc00000, 0x000000070bc00000, 0x000000070be00000|  0%| F|  |TAMS 0x000000070bc00000| PB 0x000000070bc00000| Untracked 
|  81|0x000000070be00000, 0x000000070be00000, 0x000000070c000000|  0%| F|  |TAMS 0x000000070be00000| PB 0x000000070be00000| Untracked 
|  82|0x000000070c000000, 0x000000070c000000, 0x000000070c200000|  0%| F|  |TAMS 0x000000070c000000| PB 0x000000070c000000| Untracked 
|  83|0x000000070c200000, 0x000000070c200000, 0x000000070c400000|  0%| F|  |TAMS 0x000000070c200000| PB 0x000000070c200000| Untracked 
|  84|0x000000070c400000, 0x000000070c400000, 0x000000070c600000|  0%| F|  |TAMS 0x000000070c400000| PB 0x000000070c400000| Untracked 
|  85|0x000000070c600000, 0x000000070c600000, 0x000000070c800000|  0%| F|  |TAMS 0x000000070c600000| PB 0x000000070c600000| Untracked 
|  86|0x000000070c800000, 0x000000070c800000, 0x000000070ca00000|  0%| F|  |TAMS 0x000000070c800000| PB 0x000000070c800000| Untracked 
|  87|0x000000070ca00000, 0x000000070ca00000, 0x000000070cc00000|  0%| F|  |TAMS 0x000000070ca00000| PB 0x000000070ca00000| Untracked 
|  88|0x000000070cc00000, 0x000000070cc00000, 0x000000070ce00000|  0%| F|  |TAMS 0x000000070cc00000| PB 0x000000070cc00000| Untracked 
|  89|0x000000070ce00000, 0x000000070ce00000, 0x000000070d000000|  0%| F|  |TAMS 0x000000070ce00000| PB 0x000000070ce00000| Untracked 
|  90|0x000000070d000000, 0x000000070d000000, 0x000000070d200000|  0%| F|  |TAMS 0x000000070d000000| PB 0x000000070d000000| Untracked 
|  91|0x000000070d200000, 0x000000070d200000, 0x000000070d400000|  0%| F|  |TAMS 0x000000070d200000| PB 0x000000070d200000| Untracked 
|  92|0x000000070d400000, 0x000000070d400000, 0x000000070d600000|  0%| F|  |TAMS 0x000000070d400000| PB 0x000000070d400000| Untracked 
|  93|0x000000070d600000, 0x000000070d600000, 0x000000070d800000|  0%| F|  |TAMS 0x000000070d600000| PB 0x000000070d600000| Untracked 
|  94|0x000000070d800000, 0x000000070d800000, 0x000000070da00000|  0%| F|  |TAMS 0x000000070d800000| PB 0x000000070d800000| Untracked 
|  95|0x000000070da00000, 0x000000070da00000, 0x000000070dc00000|  0%| F|  |TAMS 0x000000070da00000| PB 0x000000070da00000| Untracked 
|  96|0x000000070dc00000, 0x000000070dc00000, 0x000000070de00000|  0%| F|  |TAMS 0x000000070dc00000| PB 0x000000070dc00000| Untracked 
|  97|0x000000070de00000, 0x000000070de00000, 0x000000070e000000|  0%| F|  |TAMS 0x000000070de00000| PB 0x000000070de00000| Untracked 
|  98|0x000000070e000000, 0x000000070e000000, 0x000000070e200000|  0%| F|  |TAMS 0x000000070e000000| PB 0x000000070e000000| Untracked 
|  99|0x000000070e200000, 0x000000070e200000, 0x000000070e400000|  0%| F|  |TAMS 0x000000070e200000| PB 0x000000070e200000| Untracked 
| 100|0x000000070e400000, 0x000000070e400000, 0x000000070e600000|  0%| F|  |TAMS 0x000000070e400000| PB 0x000000070e400000| Untracked 
| 101|0x000000070e600000, 0x000000070e600000, 0x000000070e800000|  0%| F|  |TAMS 0x000000070e600000| PB 0x000000070e600000| Untracked 
| 102|0x000000070e800000, 0x000000070e800000, 0x000000070ea00000|  0%| F|  |TAMS 0x000000070e800000| PB 0x000000070e800000| Untracked 
| 103|0x000000070ea00000, 0x000000070ea00000, 0x000000070ec00000|  0%| F|  |TAMS 0x000000070ea00000| PB 0x000000070ea00000| Untracked 
| 104|0x000000070ec00000, 0x000000070ec00000, 0x000000070ee00000|  0%| F|  |TAMS 0x000000070ec00000| PB 0x000000070ec00000| Untracked 
| 105|0x000000070ee00000, 0x000000070ee00000, 0x000000070f000000|  0%| F|  |TAMS 0x000000070ee00000| PB 0x000000070ee00000| Untracked 
| 106|0x000000070f000000, 0x000000070f000000, 0x000000070f200000|  0%| F|  |TAMS 0x000000070f000000| PB 0x000000070f000000| Untracked 
| 107|0x000000070f200000, 0x000000070f200000, 0x000000070f400000|  0%| F|  |TAMS 0x000000070f200000| PB 0x000000070f200000| Untracked 
| 108|0x000000070f400000, 0x000000070f400000, 0x000000070f600000|  0%| F|  |TAMS 0x000000070f400000| PB 0x000000070f400000| Untracked 
| 109|0x000000070f600000, 0x000000070f600000, 0x000000070f800000|  0%| F|  |TAMS 0x000000070f600000| PB 0x000000070f600000| Untracked 
| 110|0x000000070f800000, 0x000000070f800000, 0x000000070fa00000|  0%| F|  |TAMS 0x000000070f800000| PB 0x000000070f800000| Untracked 
| 111|0x000000070fa00000, 0x000000070fa00000, 0x000000070fc00000|  0%| F|  |TAMS 0x000000070fa00000| PB 0x000000070fa00000| Untracked 
| 112|0x000000070fc00000, 0x000000070fc00000, 0x000000070fe00000|  0%| F|  |TAMS 0x000000070fc00000| PB 0x000000070fc00000| Untracked 
| 113|0x000000070fe00000, 0x000000070fe00000, 0x0000000710000000|  0%| F|  |TAMS 0x000000070fe00000| PB 0x000000070fe00000| Untracked 
| 114|0x0000000710000000, 0x0000000710000000, 0x0000000710200000|  0%| F|  |TAMS 0x0000000710000000| PB 0x0000000710000000| Untracked 
| 115|0x0000000710200000, 0x0000000710200000, 0x0000000710400000|  0%| F|  |TAMS 0x0000000710200000| PB 0x0000000710200000| Untracked 
| 116|0x0000000710400000, 0x0000000710400000, 0x0000000710600000|  0%| F|  |TAMS 0x0000000710400000| PB 0x0000000710400000| Untracked 
| 117|0x0000000710600000, 0x0000000710600000, 0x0000000710800000|  0%| F|  |TAMS 0x0000000710600000| PB 0x0000000710600000| Untracked 
| 118|0x0000000710800000, 0x0000000710800000, 0x0000000710a00000|  0%| F|  |TAMS 0x0000000710800000| PB 0x0000000710800000| Untracked 
| 119|0x0000000710a00000, 0x0000000710a00000, 0x0000000710c00000|  0%| F|  |TAMS 0x0000000710a00000| PB 0x0000000710a00000| Untracked 
| 120|0x0000000710c00000, 0x0000000710c00000, 0x0000000710e00000|  0%| F|  |TAMS 0x0000000710c00000| PB 0x0000000710c00000| Untracked 
| 121|0x0000000710e00000, 0x0000000711000000, 0x0000000711000000|100%| S|CS|TAMS 0x0000000710e00000| PB 0x0000000710e00000| Complete 
| 122|0x0000000711000000, 0x0000000711000000, 0x0000000711200000|  0%| F|  |TAMS 0x0000000711000000| PB 0x0000000711000000| Untracked 
| 123|0x0000000711200000, 0x0000000711200000, 0x0000000711400000|  0%| F|  |TAMS 0x0000000711200000| PB 0x0000000711200000| Untracked 
| 124|0x0000000711400000, 0x000000071158bc68, 0x0000000711600000| 77%| E|  |TAMS 0x0000000711400000| PB 0x0000000711400000| Complete 
| 125|0x0000000711600000, 0x0000000711800000, 0x0000000711800000|100%| E|CS|TAMS 0x0000000711600000| PB 0x0000000711600000| Complete 
| 126|0x0000000711800000, 0x0000000711a00000, 0x0000000711a00000|100%| E|  |TAMS 0x0000000711800000| PB 0x0000000711800000| Complete 
| 127|0x0000000711a00000, 0x0000000711c00000, 0x0000000711c00000|100%| E|CS|TAMS 0x0000000711a00000| PB 0x0000000711a00000| Complete 

Card table byte_map: [0x0000024d3b530000,0x0000024d3bd30000] _byte_map_base: 0x0000024d37d22000

Marking Bits: (CMBitMap*) 0x0000024d28c32a80
 Bits: [0x0000024d3bd30000, 0x0000024d3fcc0000)

Polling page: 0x0000024d26ab0000

Metaspace:

Usage:
  Non-class:      9.16 MB used.
      Class:   1000.88 KB used.
       Both:     10.14 MB used.

Virtual space:
  Non-class space:       64.00 MB reserved,       9.25 MB ( 14%) committed,  1 nodes.
      Class space:        1.00 GB reserved,       1.06 MB ( <1%) committed,  1 nodes.
             Both:        1.06 GB reserved,      10.31 MB ( <1%) committed. 

Chunk freelists:
   Non-Class:  6.58 MB
       Class:  14.98 MB
        Both:  21.56 MB

MaxMetaspaceSize: unlimited
CompressedClassSpaceSize: 1.00 GB
Initial GC threshold: 21.00 MB
Current GC threshold: 21.00 MB
CDS: off
 - commit_granule_bytes: 65536.
 - commit_granule_words: 8192.
 - virtual_space_node_default_size: 8388608.
 - enlarge_chunks_in_place: 1.
 - use_allocation_guard: 0.


Internal statistics:

num_allocs_failed_limit: 0.
num_arena_births: 50.
num_arena_deaths: 0.
num_vsnodes_births: 2.
num_vsnodes_deaths: 0.
num_space_committed: 165.
num_space_uncommitted: 0.
num_chunks_returned_to_freelist: 0.
num_chunks_taken_from_freelist: 139.
num_chunk_merges: 0.
num_chunk_splits: 77.
num_chunks_enlarged: 51.
num_inconsistent_stats: 0.

CodeHeap 'non-profiled nmethods': size=120000Kb used=305Kb max_used=305Kb free=119694Kb
 bounds [0x0000024d33800000, 0x0000024d33a70000, 0x0000024d3ad30000]
CodeHeap 'profiled nmethods': size=120000Kb used=1482Kb max_used=1482Kb free=118517Kb
 bounds [0x0000024d2bd30000, 0x0000024d2bfa0000, 0x0000024d33260000]
CodeHeap 'non-nmethods': size=5760Kb used=1300Kb max_used=1319Kb free=4459Kb
 bounds [0x0000024d33260000, 0x0000024d334d0000, 0x0000024d33800000]
 total_blobs=1271 nmethods=840 adapters=336
 compilation: enabled
              stopped_count=0, restarted_count=0
 full_count=0

Compilation events (20 events):
Event: 1.781 Thread 0x0000024d42389690 nmethod 831 0x0000024d2be96290 code [0x0000024d2be96440, 0x0000024d2be96578]
Event: 1.781 Thread 0x0000024d42389690  832   !   3       java.net.URLClassLoader$1::run (81 bytes)
Event: 1.782 Thread 0x0000024d42386fe0 nmethod 823 0x0000024d3384a690 code [0x0000024d3384a900, 0x0000024d3384b638]
Event: 1.782 Thread 0x0000024d42386fe0  830   !   4       jdk.internal.loader.URLClassPath$JarLoader::ensureOpen (36 bytes)
Event: 1.784 Thread 0x0000024d42389690 nmethod 832 0x0000024d2be96610 code [0x0000024d2be969c0, 0x0000024d2be97f08]
Event: 1.784 Thread 0x0000024d42389690  834       3       java.lang.Thread::interrupted (7 bytes)
Event: 1.784 Thread 0x0000024d42389690 nmethod 834 0x0000024d2be98790 code [0x0000024d2be98940, 0x0000024d2be98ba8]
Event: 1.784 Thread 0x0000024d42389690  833       3       java.lang.Record::<init> (5 bytes)
Event: 1.785 Thread 0x0000024d42389690 nmethod 833 0x0000024d2be98c90 code [0x0000024d2be98e40, 0x0000024d2be98fa8]
Event: 1.785 Thread 0x0000024d42389690  835   !   3       java.lang.ClassLoader::addClass (27 bytes)
Event: 1.785 Thread 0x0000024d42389690 nmethod 835 0x0000024d2be99090 code [0x0000024d2be99280, 0x0000024d2be99850]
Event: 1.785 Thread 0x0000024d42389690  836       3       java.util.zip.CRC32::<init> (5 bytes)
Event: 1.786 Thread 0x0000024d42389690 nmethod 836 0x0000024d2be99b90 code [0x0000024d2be99d40, 0x0000024d2be99ea8]
Event: 1.786 Thread 0x0000024d42389690  837       3       java.lang.ClassLoader::postDefineClass (39 bytes)
Event: 1.786 Thread 0x0000024d42389690 nmethod 837 0x0000024d2be99f90 code [0x0000024d2be9a180, 0x0000024d2be9a4b0]
Event: 1.787 Thread 0x0000024d42386fe0 nmethod 830 0x0000024d3384bf90 code [0x0000024d3384c180, 0x0000024d3384c428]
Event: 1.789 Thread 0x0000024d42386fe0  838       4       java.util.jar.JarFile::getEntry (35 bytes)
Event: 1.790 Thread 0x0000024d42389690  839       3       java.util.jar.Manifest$FastInputStream::peek (38 bytes)
Event: 1.790 Thread 0x0000024d42389690 nmethod 839 0x0000024d2be9a690 code [0x0000024d2be9a840, 0x0000024d2be9aa58]
Event: 1.790 Thread 0x0000024d42389690  840   !   3       java.lang.String::<init> (890 bytes)

GC Heap History (2 events):
Event: 1.345 GC heap before
{Heap before GC invocations=0 (full 0):
 garbage-first heap   total 262144K, used 10240K [0x0000000701c00000, 0x0000000800000000)
  region size 2048K, 6 young (12288K), 0 survivors (0K)
 Metaspace       used 8482K, committed 8704K, reserved 1114112K
  class space    used 755K, committed 832K, reserved 1048576K
}
Event: 1.356 GC heap after
{Heap after GC invocations=1 (full 0):
 garbage-first heap   total 262144K, used 2056K [0x0000000701c00000, 0x0000000800000000)
  region size 2048K, 1 young (2048K), 1 survivors (2048K)
 Metaspace       used 8482K, committed 8704K, reserved 1114112K
  class space    used 755K, committed 832K, reserved 1048576K
}

Dll operation events (3 events):
Event: 0.011 Loaded shared library C:\Program Files\Android\Android Studio\jbr\bin\java.dll
Event: 0.022 Loaded shared library C:\Program Files\Android\Android Studio\jbr\bin\zip.dll
Event: 0.360 Loaded shared library C:\Program Files\Android\Android Studio\jbr\bin\verify.dll

Deoptimization events (20 events):
Event: 1.541 Thread 0x0000024d28bd3700 Uncommon trap: trap_request=0xffffff45 fr.pc=0x0000024d3380b49c relative=0x00000000000002bc
Event: 1.541 Thread 0x0000024d28bd3700 Uncommon trap: reason=unstable_if action=reinterpret pc=0x0000024d3380b49c method=java.lang.String.hashCode()I @ 20 c2
Event: 1.541 Thread 0x0000024d28bd3700 DEOPT PACKING pc=0x0000024d3380b49c sp=0x00000065774fc250
Event: 1.541 Thread 0x0000024d28bd3700 DEOPT UNPACKING pc=0x0000024d332b46a2 sp=0x00000065774fc1e0 mode 2
Event: 1.541 Thread 0x0000024d28bd3700 Uncommon trap: trap_request=0xffffff45 fr.pc=0x0000024d33815d34 relative=0x0000000000000194
Event: 1.541 Thread 0x0000024d28bd3700 Uncommon trap: reason=unstable_if action=reinterpret pc=0x0000024d33815d34 method=jdk.internal.util.ArraysSupport.vectorizedHashCode(Ljava/lang/Object;IIII)I @ 2 c2
Event: 1.541 Thread 0x0000024d28bd3700 DEOPT PACKING pc=0x0000024d33815d34 sp=0x00000065774fc150
Event: 1.541 Thread 0x0000024d28bd3700 DEOPT UNPACKING pc=0x0000024d332b46a2 sp=0x00000065774fc100 mode 2
Event: 1.541 Thread 0x0000024d28bd3700 Uncommon trap: trap_request=0xffffff45 fr.pc=0x0000024d33833ed0 relative=0x0000000000000190
Event: 1.541 Thread 0x0000024d28bd3700 Uncommon trap: reason=unstable_if action=reinterpret pc=0x0000024d33833ed0 method=java.util.zip.ZipFile$Source.isMetaName([BII)Z @ 57 c2
Event: 1.541 Thread 0x0000024d28bd3700 DEOPT PACKING pc=0x0000024d33833ed0 sp=0x00000065774fc460
Event: 1.541 Thread 0x0000024d28bd3700 DEOPT UNPACKING pc=0x0000024d332b46a2 sp=0x00000065774fc3f0 mode 2
Event: 1.554 Thread 0x0000024d28bd3700 DEOPT PACKING pc=0x0000024d2be4363a sp=0x00000065774fc460
Event: 1.554 Thread 0x0000024d28bd3700 DEOPT UNPACKING pc=0x0000024d332b4e42 sp=0x00000065774fb920 mode 0
Event: 1.723 Thread 0x0000024d28bd3700 Uncommon trap: trap_request=0xffffff45 fr.pc=0x0000024d3383bf88 relative=0x00000000000006a8
Event: 1.723 Thread 0x0000024d28bd3700 Uncommon trap: reason=unstable_if action=reinterpret pc=0x0000024d3383bf88 method=java.lang.StringLatin1.newString([BII)Ljava/lang/String; @ 1 c2
Event: 1.723 Thread 0x0000024d28bd3700 DEOPT PACKING pc=0x0000024d3383bf88 sp=0x00000065774fd6b0
Event: 1.723 Thread 0x0000024d28bd3700 DEOPT UNPACKING pc=0x0000024d332b46a2 sp=0x00000065774fd610 mode 2
Event: 1.782 Thread 0x0000024d28bd3700 DEOPT PACKING pc=0x0000024d2be61249 sp=0x00000065774f9c20
Event: 1.782 Thread 0x0000024d28bd3700 DEOPT UNPACKING pc=0x0000024d332b4e42 sp=0x00000065774f9090 mode 0

Classes loaded (20 events):
Event: 1.745 Loading class java/util/ServiceLoader$1
Event: 1.745 Loading class java/util/ServiceLoader$1 done
Event: 1.745 Loading class java/util/ServiceLoader$ProviderImpl
Event: 1.745 Loading class java/util/ServiceLoader$Provider
Event: 1.745 Loading class java/util/ServiceLoader$Provider done
Event: 1.745 Loading class java/util/ServiceLoader$ProviderImpl done
Event: 1.746 Loading class jdk/internal/logger/BootstrapLogger$LoggingBackend
Event: 1.746 Loading class jdk/internal/logger/BootstrapLogger$LoggingBackend done
Event: 1.746 Loading class jdk/internal/logger/BootstrapLogger$RedirectedLoggers
Event: 1.746 Loading class jdk/internal/logger/BootstrapLogger$RedirectedLoggers done
Event: 1.746 Loading class jdk/internal/logger/BootstrapLogger$BootstrapExecutors
Event: 1.746 Loading class jdk/internal/logger/BootstrapLogger$BootstrapExecutors done
Event: 1.746 Loading class java/util/logging/LogManager$4
Event: 1.747 Loading class java/util/logging/LogManager$4 done
Event: 1.747 Loading class java/util/logging/Logger$SystemLoggerHelper
Event: 1.747 Loading class java/util/logging/Logger$SystemLoggerHelper done
Event: 1.747 Loading class java/util/logging/Logger$SystemLoggerHelper$1
Event: 1.747 Loading class java/util/logging/Logger$SystemLoggerHelper$1 done
Event: 1.747 Loading class jdk/internal/logger/DefaultLoggerFinder$1
Event: 1.747 Loading class jdk/internal/logger/DefaultLoggerFinder$1 done

Classes unloaded (0 events):
No events

Classes redefined (0 events):
No events

Internal exceptions (5 events):
Event: 0.741 Thread 0x0000024d28bd3700 Exception <a 'java/lang/NoSuchMethodError'{0x00000007118d85d8}: 'void java.lang.invoke.DirectMethodHandle$Holder.invokeStatic(java.lang.Object, java.lang.Object)'> (0x00000007118d85d8) 
thrown [s\src\hotspot\share\interpreter\linkResolver.cpp, line 784]
Event: 0.742 Thread 0x0000024d28bd3700 Exception <a 'java/lang/NoSuchMethodError'{0x00000007118dc0a0}: 'void java.lang.invoke.DirectMethodHandle$Holder.invokeSpecial(java.lang.Object, java.lang.Object, java.lang.Object)'> (0x00000007118dc0a0) 
thrown [s\src\hotspot\share\interpreter\linkResolver.cpp, line 784]
Event: 0.798 Thread 0x0000024d28bd3700 Exception <a 'java/lang/NoSuchMethodError'{0x0000000711931740}: 'void java.lang.invoke.DirectMethodHandle$Holder.invokeStatic(java.lang.Object, java.lang.Object, java.lang.Object)'> (0x0000000711931740) 
thrown [s\src\hotspot\share\interpreter\linkResolver.cpp, line 784]
Event: 0.804 Thread 0x0000024d28bd3700 Exception <a 'java/lang/NoSuchMethodError'{0x0000000711986ce0}: 'java.lang.Object java.lang.invoke.Invokers$Holder.invokeExact_MT(java.lang.Object, java.lang.Object, java.lang.Object, java.lang.Object, java.lang.Object)'> (0x0000000711986ce0) 
thrown [s\src\hotspot\share\interpreter\linkResolver.cpp, line 784]
Event: 0.814 Thread 0x0000024d28bd3700 Exception <a 'java/lang/NoSuchMethodError'{0x00000007119b4690}: 'int java.lang.invoke.DirectMethodHandle$Holder.invokeStaticInit(java.lang.Object, java.lang.Object)'> (0x00000007119b4690) 
thrown [s\src\hotspot\share\interpreter\linkResolver.cpp, line 784]

ZGC Phase Switch (0 events):
No events

VM Operations (6 events):
Event: 0.333 Executing VM operation: HandshakeAllThreads (Deoptimize)
Event: 0.333 Executing VM operation: HandshakeAllThreads (Deoptimize) done
Event: 1.339 Executing VM operation: G1CollectForAllocation (G1 Evacuation Pause)
Event: 1.356 Executing VM operation: G1CollectForAllocation (G1 Evacuation Pause) done
Event: 1.668 Executing VM operation: HandshakeAllThreads (Deoptimize)
Event: 1.668 Executing VM operation: HandshakeAllThreads (Deoptimize) done

Memory protections (0 events):
No events

Nmethod flushes (0 events):
No events

Events (17 events):
Event: 0.020 Thread 0x0000024d28bd3700 Thread added: 0x0000024d28bd3700
Event: 0.133 Thread 0x0000024d28bd3700 Thread added: 0x0000024d42382470
Event: 0.133 Thread 0x0000024d28bd3700 Thread added: 0x0000024d4235f390
Event: 0.136 Thread 0x0000024d28bd3700 Thread added: 0x0000024d42368dd0
Event: 0.137 Thread 0x0000024d28bd3700 Thread added: 0x0000024d42369430
Event: 0.137 Thread 0x0000024d28bd3700 Thread added: 0x0000024d4236baa0
Event: 0.137 Thread 0x0000024d28bd3700 Thread added: 0x0000024d4236c100
Event: 0.137 Thread 0x0000024d28bd3700 Thread added: 0x0000024d42386fe0
Event: 0.137 Thread 0x0000024d28bd3700 Thread added: 0x0000024d42389690
Event: 0.210 Thread 0x0000024d28bd3700 Thread added: 0x0000024d42520680
Event: 0.220 Thread 0x0000024d28bd3700 Thread added: 0x0000024d42526d10
Event: 0.285 Loaded shared library C:\Program Files\Android\Android Studio\jbr\bin\net.dll
Event: 0.300 Loaded shared library C:\Program Files\Android\Android Studio\jbr\bin\nio.dll
Event: 0.328 Loaded shared library C:\Program Files\Android\Android Studio\jbr\bin\zip.dll
Event: 0.480 Loaded shared library C:\Program Files\Android\Android Studio\jbr\bin\jimage.dll
Event: 1.336 Thread 0x0000024d42389690 Thread added: 0x0000024d42880620
Event: 1.676 Thread 0x0000024d42880620 Thread exited: 0x0000024d42880620


Dynamic libraries:
0x00007ff757000000 - 0x00007ff75700a000 	C:\Program Files\Android\Android Studio\jbr\bin\java.exe
0x00007ffd1f570000 - 0x00007ffd1f768000 	C:\WINDOWS\SYSTEM32\ntdll.dll
0x00007ffd1efa0000 - 0x00007ffd1f062000 	C:\WINDOWS\System32\KERNEL32.DLL
0x00007ffd1cc10000 - 0x00007ffd1cf06000 	C:\WINDOWS\System32\KERNELBASE.dll
0x00007ffd1d1d0000 - 0x00007ffd1d2d0000 	C:\WINDOWS\System32\ucrtbase.dll
0x00007ffd11fc0000 - 0x00007ffd11fd8000 	C:\Program Files\Android\Android Studio\jbr\bin\jli.dll
0x00007ffd1ed50000 - 0x00007ffd1eeed000 	C:\WINDOWS\System32\USER32.dll
0x00007ffd1cf10000 - 0x00007ffd1cf32000 	C:\WINDOWS\System32\win32u.dll
0x00007ffd1f080000 - 0x00007ffd1f0ab000 	C:\WINDOWS\System32\GDI32.dll
0x00007ffd1d480000 - 0x00007ffd1d59a000 	C:\WINDOWS\System32\gdi32full.dll
0x00007ffd1cff0000 - 0x00007ffd1d08d000 	C:\WINDOWS\System32\msvcp_win.dll
0x00007ffd0e090000 - 0x00007ffd0e0ab000 	C:\Program Files\Android\Android Studio\jbr\bin\VCRUNTIME140.dll
0x00007ffd01490000 - 0x00007ffd0172a000 	C:\WINDOWS\WinSxS\amd64_microsoft.windows.common-controls_6595b64144ccf1df_6.0.19041.4355_none_60b8b9eb71f62e16\COMCTL32.dll
0x00007ffd1d650000 - 0x00007ffd1d6ee000 	C:\WINDOWS\System32\msvcrt.dll
0x00007ffd1f3d0000 - 0x00007ffd1f3ff000 	C:\WINDOWS\System32\IMM32.DLL
0x00007ffd193d0000 - 0x00007ffd193dc000 	C:\Program Files\Android\Android Studio\jbr\bin\vcruntime140_1.dll
0x00007ffcf62c0000 - 0x00007ffcf634d000 	C:\Program Files\Android\Android Studio\jbr\bin\msvcp140.dll
0x00007ffcf6720000 - 0x00007ffcf73ab000 	C:\Program Files\Android\Android Studio\jbr\bin\server\jvm.dll
0x00007ffd1d5a0000 - 0x00007ffd1d64f000 	C:\WINDOWS\System32\ADVAPI32.dll
0x00007ffd1e2b0000 - 0x00007ffd1e34f000 	C:\WINDOWS\System32\sechost.dll
0x00007ffd1f0b0000 - 0x00007ffd1f1d3000 	C:\WINDOWS\System32\RPCRT4.dll
0x00007ffd1d1a0000 - 0x00007ffd1d1c7000 	C:\WINDOWS\System32\bcrypt.dll
0x00007ffd1d6f0000 - 0x00007ffd1d75b000 	C:\WINDOWS\System32\WS2_32.dll
0x00007ffd1caf0000 - 0x00007ffd1cb3b000 	C:\WINDOWS\SYSTEM32\POWRPROF.dll
0x00007ffd154e0000 - 0x00007ffd15507000 	C:\WINDOWS\SYSTEM32\WINMM.dll
0x00007ffd19060000 - 0x00007ffd1906a000 	C:\WINDOWS\SYSTEM32\VERSION.dll
0x00007ffd1ca50000 - 0x00007ffd1ca62000 	C:\WINDOWS\SYSTEM32\UMPDC.dll
0x00007ffd1b480000 - 0x00007ffd1b492000 	C:\WINDOWS\SYSTEM32\kernel.appcore.dll
0x00007ffd11030000 - 0x00007ffd1103a000 	C:\Program Files\Android\Android Studio\jbr\bin\jimage.dll
0x00007ffd12080000 - 0x00007ffd12281000 	C:\WINDOWS\SYSTEM32\DBGHELP.DLL
0x00007ffd10090000 - 0x00007ffd100c4000 	C:\WINDOWS\SYSTEM32\dbgcore.DLL
0x00007ffd1d090000 - 0x00007ffd1d112000 	C:\WINDOWS\System32\bcryptPrimitives.dll
0x00007ffd0dfe0000 - 0x00007ffd0e000000 	C:\Program Files\Android\Android Studio\jbr\bin\java.dll
0x00007ffcf6700000 - 0x00007ffcf6718000 	C:\Program Files\Android\Android Studio\jbr\bin\zip.dll
0x00007ffd1e5c0000 - 0x00007ffd1ed2e000 	C:\WINDOWS\System32\SHELL32.dll
0x00007ffd1ac60000 - 0x00007ffd1b403000 	C:\WINDOWS\SYSTEM32\windows.storage.dll
0x00007ffd1dcc0000 - 0x00007ffd1e013000 	C:\WINDOWS\System32\combase.dll
0x00007ffd1c570000 - 0x00007ffd1c59b000 	C:\WINDOWS\SYSTEM32\Wldp.dll
0x00007ffd1f2f0000 - 0x00007ffd1f3bd000 	C:\WINDOWS\System32\OLEAUT32.dll
0x00007ffd1eef0000 - 0x00007ffd1ef9d000 	C:\WINDOWS\System32\SHCORE.dll
0x00007ffd1e470000 - 0x00007ffd1e4c5000 	C:\WINDOWS\System32\shlwapi.dll
0x00007ffd1cb40000 - 0x00007ffd1cb65000 	C:\WINDOWS\SYSTEM32\profapi.dll
0x00007ffd0e5c0000 - 0x00007ffd0e5d0000 	C:\Program Files\Android\Android Studio\jbr\bin\net.dll
0x00007ffd0f1e0000 - 0x00007ffd0f2ea000 	C:\WINDOWS\SYSTEM32\WINHTTP.dll
0x00007ffd1c2d0000 - 0x00007ffd1c33c000 	C:\WINDOWS\system32\mswsock.dll
0x00007ffcf66e0000 - 0x00007ffcf66f6000 	C:\Program Files\Android\Android Studio\jbr\bin\nio.dll
0x00007ffcf6270000 - 0x00007ffcf6280000 	C:\Program Files\Android\Android Studio\jbr\bin\verify.dll

dbghelp: loaded successfully - version: 4.0.5 - missing functions: none
symbol engine: initialized successfully - sym options: 0x614 - pdb path: .;C:\Program Files\Android\Android Studio\jbr\bin;C:\WINDOWS\SYSTEM32;C:\WINDOWS\WinSxS\amd64_microsoft.windows.common-controls_6595b64144ccf1df_6.0.19041.4355_none_60b8b9eb71f62e16;C:\Program Files\Android\Android Studio\jbr\bin\server

VM Arguments:
jvm_args: -Dorg.gradle.appname=gradlew 
java_command: org.gradle.wrapper.GradleWrapperMain -q -Ptarget-platform=android-arm -Ptarget=F:\Rapit\lib\main.dart -Pbase-application-name=android.app.Application -Pdart-defines=Zmx1dHRlci5pbnNwZWN0b3Iuc3RydWN0dXJlZEVycm9ycz10cnVl -Pdart-obfuscation=false -Ptrack-widget-creation=true -Ptree-shake-icons=false -Pfilesystem-scheme=org-dartlang-root assembleDebug
java_class_path (initial): F:\Rapit\android\\gradle\wrapper\gradle-wrapper.jar
Launcher Type: SUN_STANDARD

[Global flags]
     intx CICompilerCount                          = 3                                         {product} {ergonomic}
     uint ConcGCThreads                            = 1                                         {product} {ergonomic}
     uint G1ConcRefinementThreads                  = 4                                         {product} {ergonomic}
   size_t G1HeapRegionSize                         = 2097152                                   {product} {ergonomic}
    uintx GCDrainStackTargetSize                   = 64                                        {product} {ergonomic}
   size_t InitialHeapSize                          = 268435456                                 {product} {ergonomic}
   size_t MarkStackSize                            = 4194304                                   {product} {ergonomic}
   size_t MaxHeapSize                              = 4265607168                                {product} {ergonomic}
   size_t MaxNewSize                               = 2558525440                                {product} {ergonomic}
   size_t MinHeapDeltaBytes                        = 2097152                                   {product} {ergonomic}
   size_t MinHeapSize                              = 8388608                                   {product} {ergonomic}
    uintx NonNMethodCodeHeapSize                   = 5832780                                {pd product} {ergonomic}
    uintx NonProfiledCodeHeapSize                  = 122912730                              {pd product} {ergonomic}
    uintx ProfiledCodeHeapSize                     = 122912730                              {pd product} {ergonomic}
    uintx ReservedCodeCacheSize                    = 251658240                              {pd product} {ergonomic}
     bool SegmentedCodeCache                       = true                                      {product} {ergonomic}
   size_t SoftMaxHeapSize                          = 4265607168                             {manageable} {ergonomic}
     bool UseCompressedOops                        = true                           {product lp64_product} {ergonomic}
     bool UseG1GC                                  = true                                      {product} {ergonomic}
     bool UseLargePagesIndividualAllocation        = false                                  {pd product} {ergonomic}

Logging:
Log output configuration:
 #0: stdout all=warning uptime,level,tags foldmultilines=false
 #1: stderr all=off uptime,level,tags foldmultilines=false

Environment Variables:
JAVA_HOME=C:\Program Files\Android\Android Studio\jbr
CLASSPATH=F:\Rapit\android\\gradle\wrapper\gradle-wrapper.jar
PATH=C:\Program Files\Android\Android Studio\jbr\bin;c:\Users\PC\AppData\Local\Programs\cursor\resources\app\bin;C:\WINDOWS\system32;C:\WINDOWS;C:\WINDOWS\System32\Wbem;C:\WINDOWS\System32\WindowsPowerShell\v1.0\;C:\WINDOWS\System32\OpenSSH\;C:\Program Files (x86)\Common Files\Intuit\QBPOSSDKRuntime;C:\Users\PC\AppData\Local\Microsoft\WindowsApps;C:\Users\PC\AppData\Local\Programs\cursor\resources\app\bin;c:\Users\PC\AppData\Local\Programs\cursor\resources\app\bin;C:\Program Files\Git\cmd;C:\Program Files\Android\Android Studio\jbr\bin;C:\Users\PC\Downloads\jdk-17.0.12\bin;C:\Users\PC\Downloads\jdk-17.0.12\bin;C:\Users\PC\AppData\Local\Microsoft\WindowsApps;C:\Users\PC\AppData\Local\Programs\Microsoft VS Code\bin;C:\Users\PC\AppData\Local\Programs\cursor\resources\app\bin;C:\Users\PC\Downloads\flutter\bin;C:\Program Files\Android\Android Studio\jbr\bin;C:\Users\PC\AppData\Local\Android\Sdk\platform-tools;;C:\Users\PC\Downloads\flutter\bin\mingit\cmd
USERNAME=PC
OS=Windows_NT
PROCESSOR_IDENTIFIER=Intel64 Family 6 Model 78 Stepping 3, GenuineIntel
TMP=C:\Users\PC\AppData\Local\Temp
TEMP=C:\Users\PC\AppData\Local\Temp




Periodic native trim disabled

JNI global refs:
JNI global refs: 7, weak refs: 0

JNI global refs memory usage: 835, weak refs: 201

Process memory usage:
Resident Set Size: 67060K (0% of 16654948K total physical memory with 885236K free physical memory)

OOME stack traces (most recent first):
Classloader memory used:
Loader bootstrap                                                                       : 9284K
Loader org.gradle.internal.classloader.VisitableURLClassLoader                         : 724K
Loader java.net.URLClassLoader                                                         : 225K
Loader jdk.internal.loader.ClassLoaders$AppClassLoader                                 : 146K

Classes loaded by more than one classloader:
Class org.gradle.cli.CommandLineParser                                                : loaded 2 times (x 75B)
Class org.gradle.internal.service.UnknownServiceException                             : loaded 2 times (x 79B)
Class org.gradle.cli.CommandLineArgumentException                                     : loaded 2 times (x 78B)
Class org.gradle.cli.CommandLineParser$OptionAwareParserState                         : loaded 2 times (x 73B)
Class org.gradle.cli.CommandLineParser$BeforeFirstSubCommand                          : loaded 2 times (x 73B)
Class org.gradle.internal.service.ServiceLookupException                              : loaded 2 times (x 78B)
Class org.gradle.internal.Cast                                                        : loaded 2 times (x 67B)
Class org.gradle.api.Action                                                           : loaded 2 times (x 66B)
Class org.gradle.api.GradleException                                                  : loaded 2 times (x 78B)
Class org.gradle.cli.CommandLineParser$ParserState                                    : loaded 2 times (x 72B)
Class org.gradle.cli.CommandLineParser$AfterOptions                                   : loaded 2 times (x 73B)

---------------  S Y S T E M  ---------------

OS:
 Windows 10 , 64 bit Build 19041 (10.0.19041.5794)
OS uptime: 2 days 22:10 hours

CPU: total 4 (initial active 4) (2 cores per cpu, 2 threads per core) family 6 model 78 stepping 3 microcode 0xcc, cx8, cmov, fxsr, ht, mmx, 3dnowpref, sse, sse2, sse3, ssse3, sse4.1, sse4.2, popcnt, lzcnt, tsc, tscinvbit, avx, avx2, aes, erms, clmul, bmi1, bmi2, rtm, adx, fma, vzeroupper, clflush, clflushopt, rdtscp, f16c
Processor Information for the first 4 processors :
  Max Mhz: 2496, Current Mhz: 2396, Mhz Limit: 2396

Memory: 4k page, system-wide physical 16264M (864M free)
TotalPageFile size 16264M (AvailPageFile size 5M)
current process WorkingSet (physical memory assigned to process): 65M, peak: 65M
current process commit charge ("private bytes"): 339M, peak: 340M

vm_info: OpenJDK 64-Bit Server VM (21.0.6+-13368085-b895.109) for windows-amd64 JRE (21.0.6+-13368085-b895.109), built on 2025-04-16T17:01:31Z by "builder" with MS VC++ 16.10 / 16.11 (VS2019)

END.
